2019-09-21 08:33:14.282 [main] INFO  com.goodhealth.App - Starting App on DESKTOP-VVTL1UH with PID 9892 (D:\study_space\web\target\classes started by 24663 in D:\study_space)
2019-09-21 08:33:14.294 [main] INFO  com.goodhealth.App - No active profile set, falling back to default profiles: default
2019-09-21 08:33:14.417 [main] INFO  o.s.b.w.s.c.AnnotationConfigServletWebServerApplicationContext - Refreshing org.springframework.boot.web.servlet.context.AnnotationConfigServletWebServerApplicationContext@6aeb35e6: startup date [Sat Sep 21 08:33:14 CST 2019]; root of context hierarchy
2019-09-21 08:33:15.920 [main] INFO  o.s.d.r.config.RepositoryConfigurationDelegate - Multiple Spring Data modules found, entering strict repository configuration mode!
2019-09-21 08:33:16.161 [main] INFO  o.s.d.r.config.RepositoryConfigurationDelegate - Multiple Spring Data modules found, entering strict repository configuration mode!
2019-09-21 08:33:16.205 [main] INFO  o.s.d.r.c.RepositoryConfigurationExtensionSupport - Spring Data Redis - Could not safely identify store assignment for repository candidate interface com.goodhealth.web.dao.DrugRepository.
2019-09-21 08:33:16.207 [main] INFO  o.s.d.r.c.RepositoryConfigurationExtensionSupport - Spring Data Redis - Could not safely identify store assignment for repository candidate interface com.goodhealth.web.dao.MemberRepository.
2019-09-21 08:33:16.207 [main] INFO  o.s.d.r.c.RepositoryConfigurationExtensionSupport - Spring Data Redis - Could not safely identify store assignment for repository candidate interface com.goodhealth.web.dao.NewRepository.
2019-09-21 08:33:16.207 [main] INFO  o.s.d.r.c.RepositoryConfigurationExtensionSupport - Spring Data Redis - Could not safely identify store assignment for repository candidate interface com.goodhealth.web.dao.OrderItemRepository.
2019-09-21 08:33:16.208 [main] INFO  o.s.d.r.c.RepositoryConfigurationExtensionSupport - Spring Data Redis - Could not safely identify store assignment for repository candidate interface com.goodhealth.web.dao.OrderRepository.
2019-09-21 08:33:16.208 [main] INFO  o.s.d.r.c.RepositoryConfigurationExtensionSupport - Spring Data Redis - Could not safely identify store assignment for repository candidate interface com.goodhealth.web.dao.PrizeRepository.
2019-09-21 08:33:16.208 [main] INFO  o.s.d.r.c.RepositoryConfigurationExtensionSupport - Spring Data Redis - Could not safely identify store assignment for repository candidate interface com.goodhealth.web.dao.ShoppingCarRepository.
2019-09-21 08:33:16.544 [main] INFO  o.s.b.factory.support.DefaultListableBeanFactory - Overriding bean definition for bean 'easyFilter' with a different definition: replacing [Root bean: class [org.springframework.boot.web.servlet.FilterRegistrationBean]; scope=; abstract=false; lazyInit=false; autowireMode=0; dependencyCheck=0; autowireCandidate=true; primary=false; factoryBeanName=null; factoryMethodName=null; initMethodName=null; destroyMethodName=null] with [Root bean: class [org.springframework.boot.web.servlet.FilterRegistrationBean]; scope=; abstract=false; lazyInit=false; autowireMode=0; dependencyCheck=0; autowireCandidate=true; primary=false; factoryBeanName=null; factoryMethodName=null; initMethodName=null; destroyMethodName=null]
2019-09-21 08:33:16.545 [main] INFO  o.s.b.factory.support.DefaultListableBeanFactory - Overriding bean definition for bean 'xssFilter' with a different definition: replacing [Generic bean: class [com.goodhealth.framework.filter.XssFilter]; scope=singleton; abstract=false; lazyInit=false; autowireMode=0; dependencyCheck=0; autowireCandidate=true; primary=false; factoryBeanName=null; factoryMethodName=null; initMethodName=null; destroyMethodName=null; defined in file [D:\study_space\framework\target\classes\com\goodhealth\framework\filter\XssFilter.class]] with [Root bean: class [org.springframework.boot.web.servlet.FilterRegistrationBean]; scope=; abstract=false; lazyInit=false; autowireMode=0; dependencyCheck=0; autowireCandidate=true; primary=false; factoryBeanName=null; factoryMethodName=null; initMethodName=null; destroyMethodName=null]
2019-09-21 08:33:16.689 [main] INFO  o.s.c.s.PostProcessorRegistrationDelegate$BeanPostProcessorChecker - Bean 'org.springframework.transaction.annotation.ProxyTransactionManagementConfiguration' of type [org.springframework.transaction.annotation.ProxyTransactionManagementConfiguration$$EnhancerBySpringCGLIB$$731dd509] is not eligible for getting processed by all BeanPostProcessors (for example: not eligible for auto-proxying)
2019-09-21 08:33:17.278 [main] INFO  o.s.boot.web.embedded.tomcat.TomcatWebServer - Tomcat initialized with port(s): 8080 (http)
2019-09-21 08:33:17.295 [main] INFO  org.apache.coyote.http11.Http11NioProtocol - Initializing ProtocolHandler ["http-nio-8080"]
2019-09-21 08:33:17.308 [main] INFO  org.apache.catalina.core.StandardService - Starting service [Tomcat]
2019-09-21 08:33:17.308 [main] INFO  org.apache.catalina.core.StandardEngine - Starting Servlet Engine: Apache Tomcat/8.5.32
2019-09-21 08:33:17.312 [localhost-startStop-1] INFO  org.apache.catalina.core.AprLifecycleListener - The APR based Apache Tomcat Native library which allows optimal performance in production environments was not found on the java.library.path: [D:\Java\jdk1.8.0\bin;C:\WINDOWS\Sun\Java\bin;C:\WINDOWS\system32;C:\WINDOWS;E:\xftp\;D:\Java\jdk1.8.0\bin;F:\app\24663\product\11.2.0\dbhome_1\bin;C:\Program Files (x86)\Intel\Intel(R) Management Engine Components\iCLS\;C:\Program Files\Intel\Intel(R) Management Engine Components\iCLS\;C:\Windows\system32;C:\Windows;C:\Windows\System32\Wbem;C:\Windows\System32\WindowsPowerShell\v1.0\;C:\Program Files (x86)\NVIDIA Corporation\PhysX\Common;C:\Program Files (x86)\Intel\Intel(R) Management Engine Components\DAL;C:\Program Files\Intel\Intel(R) Management Engine Components\DAL;C:\Program Files (x86)\Intel\Intel(R) Management Engine Components\IPT;C:\Program Files\Intel\Intel(R) Management Engine Components\IPT;C:\Program Files\Intel\WiFi\bin\;C:\Program Files\Common Files\Intel\WirelessCommon\;C:\WINDOWS\system32;C:\WINDOWS;C:\WINDOWS\System32\Wbem;C:\WINDOWS\System32\WindowsPowerShell\v1.0\;C:\WINDOWS\System32\OpenSSH\;D:\Mysql\mysql-8.0.11-winx64\bin;E:\jar包\Maven\apache-maven-3.6.0\bin;D:\Git\cmd;C:\Users\24663\AppData\Local\Microsoft\WindowsApps;;d:\IntelliJ IDEA 2018.3.5\bin;;.]
2019-09-21 08:33:17.649 [localhost-startStop-1] INFO  org.apache.jasper.servlet.TldScanner - At least one JAR was scanned for TLDs yet contained no TLDs. Enable debug logging for this logger for a complete list of JARs that were scanned but no TLDs were found in them. Skipping unneeded JARs during scanning can improve startup time and JSP compilation time.
2019-09-21 08:33:17.654 [localhost-startStop-1] INFO  o.a.c.core.ContainerBase.[Tomcat].[localhost].[/] - Initializing Spring embedded WebApplicationContext
2019-09-21 08:33:17.654 [localhost-startStop-1] INFO  org.springframework.web.context.ContextLoader - Root WebApplicationContext: initialization completed in 3237 ms
2019-09-21 08:33:17.754 [localhost-startStop-1] INFO  o.s.boot.web.servlet.FilterRegistrationBean - Mapping filter: 'characterEncodingFilter' to: [/*]
2019-09-21 08:33:17.754 [localhost-startStop-1] INFO  o.s.boot.web.servlet.FilterRegistrationBean - Mapping filter: 'hiddenHttpMethodFilter' to: [/*]
2019-09-21 08:33:17.754 [localhost-startStop-1] INFO  o.s.boot.web.servlet.FilterRegistrationBean - Mapping filter: 'httpPutFormContentFilter' to: [/*]
2019-09-21 08:33:17.755 [localhost-startStop-1] INFO  o.s.boot.web.servlet.FilterRegistrationBean - Mapping filter: 'requestContextFilter' to: [/*]
2019-09-21 08:33:17.755 [localhost-startStop-1] INFO  o.s.boot.web.servlet.FilterRegistrationBean - Mapping filter: 'xssFilter' to urls: [/*]
2019-09-21 08:33:17.755 [localhost-startStop-1] INFO  o.s.boot.web.servlet.FilterRegistrationBean - Mapping filter: 'easyFilter' to urls: [/xx/xx]
2019-09-21 08:33:17.755 [localhost-startStop-1] INFO  o.s.boot.web.servlet.ServletRegistrationBean - Servlet dispatcherServlet mapped to [/]
2019-09-21 08:33:18.378 [main] INFO  com.alibaba.druid.pool.DruidDataSource - {dataSource-1} inited
2019-09-21 08:33:54.111 [main] INFO  com.goodhealth.App - Starting App on DESKTOP-VVTL1UH with PID 14716 (D:\study_space\web\target\classes started by 24663 in D:\study_space)
2019-09-21 08:33:54.116 [main] INFO  com.goodhealth.App - No active profile set, falling back to default profiles: default
2019-09-21 08:33:54.244 [main] INFO  o.s.b.w.s.c.AnnotationConfigServletWebServerApplicationContext - Refreshing org.springframework.boot.web.servlet.context.AnnotationConfigServletWebServerApplicationContext@67c27493: startup date [Sat Sep 21 08:33:54 CST 2019]; root of context hierarchy
2019-09-21 08:33:56.265 [main] INFO  o.s.d.r.config.RepositoryConfigurationDelegate - Multiple Spring Data modules found, entering strict repository configuration mode!
2019-09-21 08:33:56.563 [main] INFO  o.s.d.r.config.RepositoryConfigurationDelegate - Multiple Spring Data modules found, entering strict repository configuration mode!
2019-09-21 08:33:56.604 [main] INFO  o.s.d.r.c.RepositoryConfigurationExtensionSupport - Spring Data Redis - Could not safely identify store assignment for repository candidate interface com.goodhealth.web.dao.DrugRepository.
2019-09-21 08:33:56.606 [main] INFO  o.s.d.r.c.RepositoryConfigurationExtensionSupport - Spring Data Redis - Could not safely identify store assignment for repository candidate interface com.goodhealth.web.dao.MemberRepository.
2019-09-21 08:33:56.607 [main] INFO  o.s.d.r.c.RepositoryConfigurationExtensionSupport - Spring Data Redis - Could not safely identify store assignment for repository candidate interface com.goodhealth.web.dao.NewRepository.
2019-09-21 08:33:56.608 [main] INFO  o.s.d.r.c.RepositoryConfigurationExtensionSupport - Spring Data Redis - Could not safely identify store assignment for repository candidate interface com.goodhealth.web.dao.OrderItemRepository.
2019-09-21 08:33:56.608 [main] INFO  o.s.d.r.c.RepositoryConfigurationExtensionSupport - Spring Data Redis - Could not safely identify store assignment for repository candidate interface com.goodhealth.web.dao.OrderRepository.
2019-09-21 08:33:56.609 [main] INFO  o.s.d.r.c.RepositoryConfigurationExtensionSupport - Spring Data Redis - Could not safely identify store assignment for repository candidate interface com.goodhealth.web.dao.PrizeRepository.
2019-09-21 08:33:56.609 [main] INFO  o.s.d.r.c.RepositoryConfigurationExtensionSupport - Spring Data Redis - Could not safely identify store assignment for repository candidate interface com.goodhealth.web.dao.ShoppingCarRepository.
2019-09-21 08:33:57.601 [main] INFO  o.s.b.factory.support.DefaultListableBeanFactory - Overriding bean definition for bean 'easyFilter' with a different definition: replacing [Root bean: class [org.springframework.boot.web.servlet.FilterRegistrationBean]; scope=; abstract=false; lazyInit=false; autowireMode=0; dependencyCheck=0; autowireCandidate=true; primary=false; factoryBeanName=null; factoryMethodName=null; initMethodName=null; destroyMethodName=null] with [Root bean: class [org.springframework.boot.web.servlet.FilterRegistrationBean]; scope=; abstract=false; lazyInit=false; autowireMode=0; dependencyCheck=0; autowireCandidate=true; primary=false; factoryBeanName=null; factoryMethodName=null; initMethodName=null; destroyMethodName=null]
2019-09-21 08:33:57.602 [main] INFO  o.s.b.factory.support.DefaultListableBeanFactory - Overriding bean definition for bean 'xssFilter' with a different definition: replacing [Generic bean: class [com.goodhealth.framework.filter.XssFilter]; scope=singleton; abstract=false; lazyInit=false; autowireMode=0; dependencyCheck=0; autowireCandidate=true; primary=false; factoryBeanName=null; factoryMethodName=null; initMethodName=null; destroyMethodName=null; defined in file [D:\study_space\framework\target\classes\com\goodhealth\framework\filter\XssFilter.class]] with [Root bean: class [org.springframework.boot.web.servlet.FilterRegistrationBean]; scope=; abstract=false; lazyInit=false; autowireMode=0; dependencyCheck=0; autowireCandidate=true; primary=false; factoryBeanName=null; factoryMethodName=null; initMethodName=null; destroyMethodName=null]
2019-09-21 08:33:57.738 [main] INFO  o.s.c.s.PostProcessorRegistrationDelegate$BeanPostProcessorChecker - Bean 'org.springframework.transaction.annotation.ProxyTransactionManagementConfiguration' of type [org.springframework.transaction.annotation.ProxyTransactionManagementConfiguration$$EnhancerBySpringCGLIB$$40c330c3] is not eligible for getting processed by all BeanPostProcessors (for example: not eligible for auto-proxying)
2019-09-21 08:33:58.147 [main] INFO  o.s.boot.web.embedded.tomcat.TomcatWebServer - Tomcat initialized with port(s): 8080 (http)
2019-09-21 08:33:58.171 [main] INFO  org.apache.coyote.http11.Http11NioProtocol - Initializing ProtocolHandler ["http-nio-8080"]
2019-09-21 08:33:58.181 [main] INFO  org.apache.catalina.core.StandardService - Starting service [Tomcat]
2019-09-21 08:33:58.181 [main] INFO  org.apache.catalina.core.StandardEngine - Starting Servlet Engine: Apache Tomcat/8.5.32
2019-09-21 08:33:58.185 [localhost-startStop-1] INFO  org.apache.catalina.core.AprLifecycleListener - The APR based Apache Tomcat Native library which allows optimal performance in production environments was not found on the java.library.path: [D:\Java\jdk1.8.0\bin;C:\WINDOWS\Sun\Java\bin;C:\WINDOWS\system32;C:\WINDOWS;E:\xftp\;D:\Java\jdk1.8.0\bin;F:\app\24663\product\11.2.0\dbhome_1\bin;C:\Program Files (x86)\Intel\Intel(R) Management Engine Components\iCLS\;C:\Program Files\Intel\Intel(R) Management Engine Components\iCLS\;C:\Windows\system32;C:\Windows;C:\Windows\System32\Wbem;C:\Windows\System32\WindowsPowerShell\v1.0\;C:\Program Files (x86)\NVIDIA Corporation\PhysX\Common;C:\Program Files (x86)\Intel\Intel(R) Management Engine Components\DAL;C:\Program Files\Intel\Intel(R) Management Engine Components\DAL;C:\Program Files (x86)\Intel\Intel(R) Management Engine Components\IPT;C:\Program Files\Intel\Intel(R) Management Engine Components\IPT;C:\Program Files\Intel\WiFi\bin\;C:\Program Files\Common Files\Intel\WirelessCommon\;C:\WINDOWS\system32;C:\WINDOWS;C:\WINDOWS\System32\Wbem;C:\WINDOWS\System32\WindowsPowerShell\v1.0\;C:\WINDOWS\System32\OpenSSH\;D:\Mysql\mysql-8.0.11-winx64\bin;E:\jar包\Maven\apache-maven-3.6.0\bin;D:\Git\cmd;C:\Users\24663\AppData\Local\Microsoft\WindowsApps;;d:\IntelliJ IDEA 2018.3.5\bin;;.]
2019-09-21 08:33:58.445 [localhost-startStop-1] INFO  org.apache.jasper.servlet.TldScanner - At least one JAR was scanned for TLDs yet contained no TLDs. Enable debug logging for this logger for a complete list of JARs that were scanned but no TLDs were found in them. Skipping unneeded JARs during scanning can improve startup time and JSP compilation time.
2019-09-21 08:33:58.449 [localhost-startStop-1] INFO  o.a.c.core.ContainerBase.[Tomcat].[localhost].[/] - Initializing Spring embedded WebApplicationContext
2019-09-21 08:33:58.449 [localhost-startStop-1] INFO  org.springframework.web.context.ContextLoader - Root WebApplicationContext: initialization completed in 4205 ms
2019-09-21 08:33:58.544 [localhost-startStop-1] INFO  o.s.boot.web.servlet.FilterRegistrationBean - Mapping filter: 'characterEncodingFilter' to: [/*]
2019-09-21 08:33:58.545 [localhost-startStop-1] INFO  o.s.boot.web.servlet.FilterRegistrationBean - Mapping filter: 'hiddenHttpMethodFilter' to: [/*]
2019-09-21 08:33:58.545 [localhost-startStop-1] INFO  o.s.boot.web.servlet.FilterRegistrationBean - Mapping filter: 'httpPutFormContentFilter' to: [/*]
2019-09-21 08:33:58.545 [localhost-startStop-1] INFO  o.s.boot.web.servlet.FilterRegistrationBean - Mapping filter: 'requestContextFilter' to: [/*]
2019-09-21 08:33:58.545 [localhost-startStop-1] INFO  o.s.boot.web.servlet.FilterRegistrationBean - Mapping filter: 'xssFilter' to urls: [/*]
2019-09-21 08:33:58.545 [localhost-startStop-1] INFO  o.s.boot.web.servlet.FilterRegistrationBean - Mapping filter: 'easyFilter' to urls: [/xx/xx]
2019-09-21 08:33:58.545 [localhost-startStop-1] INFO  o.s.boot.web.servlet.ServletRegistrationBean - Servlet dispatcherServlet mapped to [/]
2019-09-21 08:33:58.872 [main] INFO  com.alibaba.druid.pool.DruidDataSource - {dataSource-1} inited
2019-09-21 08:34:22.353 [main] INFO  o.s.orm.jpa.LocalContainerEntityManagerFactoryBean - Building JPA container EntityManagerFactory for persistence unit 'default'
2019-09-21 08:34:22.458 [main] INFO  org.hibernate.jpa.internal.util.LogHelper - HHH000204: Processing PersistenceUnitInfo [
	name: default
	...]
2019-09-21 08:34:22.750 [main] INFO  org.hibernate.Version - HHH000412: Hibernate Core {5.2.17.Final}
2019-09-21 08:34:22.781 [main] INFO  org.hibernate.cfg.Environment - HHH000206: hibernate.properties not found
2019-09-21 08:34:22.929 [main] INFO  org.hibernate.annotations.common.Version - HCANN000001: Hibernate Commons Annotations {5.0.1.Final}
2019-09-21 08:34:23.343 [main] INFO  org.hibernate.dialect.Dialect - HHH000400: Using dialect: org.hibernate.dialect.MySQL5Dialect
2019-09-21 08:34:24.408 [main] INFO  o.h.hql.internal.QueryTranslatorFactoryInitiator - HHH000397: Using ASTQueryTranslatorFactory
2019-09-21 08:34:24.539 [main] INFO  o.s.orm.jpa.LocalContainerEntityManagerFactoryBean - Initialized JPA EntityManagerFactory for persistence unit 'default'
2019-09-21 08:34:25.685 [main] INFO  o.s.web.servlet.handler.SimpleUrlHandlerMapping - Mapped URL path [/**/favicon.ico] onto handler of type [class org.springframework.web.servlet.resource.ResourceHttpRequestHandler]
2019-09-21 08:34:26.095 [main] INFO  o.s.w.s.m.m.a.RequestMappingHandlerAdapter - Looking for @ControllerAdvice: org.springframework.boot.web.servlet.context.AnnotationConfigServletWebServerApplicationContext@67c27493: startup date [Sat Sep 21 08:33:54 CST 2019]; root of context hierarchy
2019-09-21 08:34:26.198 [main] INFO  o.s.w.s.m.m.a.RequestMappingHandlerMapping - Mapped "{[/drug/com/goodhealth/framework/user/searchDrug]}" onto public org.springframework.web.servlet.ModelAndView com.goodhealth.web.controller.DrugController.search(javax.servlet.http.HttpServletRequest,javax.servlet.http.HttpServletResponse,java.lang.String,org.springframework.ui.Model)
2019-09-21 08:34:26.199 [main] INFO  o.s.w.s.m.m.a.RequestMappingHandlerMapping - Mapped "{[/drug/com/goodhealth/framework/user/findAll]}" onto public org.springframework.web.servlet.ModelAndView com.goodhealth.web.controller.DrugController.findAll()
2019-09-21 08:34:26.199 [main] INFO  o.s.w.s.m.m.a.RequestMappingHandlerMapping - Mapped "{[/drug/admin/details]}" onto public java.lang.String com.goodhealth.web.controller.DrugController.details(javax.servlet.http.HttpServletRequest,org.springframework.ui.Model)
2019-09-21 08:34:26.200 [main] INFO  o.s.w.s.m.m.a.RequestMappingHandlerMapping - Mapped "{[/drug/admin/search]}" onto public org.springframework.web.servlet.ModelAndView com.goodhealth.web.controller.DrugController.searchDrugForManger(javax.servlet.http.HttpServletRequest,javax.servlet.http.HttpServletResponse,java.lang.String)
2019-09-21 08:34:26.200 [main] INFO  o.s.w.s.m.m.a.RequestMappingHandlerMapping - Mapped "{[/drug/admin/save]}" onto public org.springframework.web.servlet.ModelAndView com.goodhealth.web.controller.DrugController.saveDrug(com.goodhealth.web.entity.Drug,javax.servlet.http.HttpServletRequest,javax.servlet.http.HttpServletResponse)
2019-09-21 08:34:26.200 [main] INFO  o.s.w.s.m.m.a.RequestMappingHandlerMapping - Mapped "{[/drug/admin/edit]}" onto public org.springframework.web.servlet.ModelAndView com.goodhealth.web.controller.DrugController.editDrug(java.lang.Integer)
2019-09-21 08:34:26.200 [main] INFO  o.s.w.s.m.m.a.RequestMappingHandlerMapping - Mapped "{[/drug/admin/delete]}" onto public java.lang.String com.goodhealth.web.controller.DrugController.deleteDrug(int,javax.servlet.http.HttpServletRequest,javax.servlet.http.HttpServletResponse)
2019-09-21 08:34:26.200 [main] INFO  o.s.w.s.m.m.a.RequestMappingHandlerMapping - Mapped "{[/drug/admin/queryAll/{index}]}" onto public org.springframework.web.servlet.ModelAndView com.goodhealth.web.controller.DrugController.queryByPage(int)
2019-09-21 08:34:26.200 [main] INFO  o.s.w.s.m.m.a.RequestMappingHandlerMapping - Mapped "{[/drug/com/goodhealth/framework/user/findByFunction],methods=[GET]}" onto public org.springframework.web.servlet.ModelAndView com.goodhealth.web.controller.DrugController.findByFunction(java.lang.String)
2019-09-21 08:34:26.201 [main] INFO  o.s.w.s.m.m.a.RequestMappingHandlerMapping - Mapped "{[/drug/com/goodhealth/framework/user/half]}" onto public org.springframework.web.servlet.ModelAndView com.goodhealth.web.controller.DrugController.findByCondition()
2019-09-21 08:34:26.201 [main] INFO  o.s.w.s.m.m.a.RequestMappingHandlerMapping - Mapped "{[/drug/com/goodhealth/framework/user/findByCondition],methods=[GET]}" onto public org.springframework.web.servlet.ModelAndView com.goodhealth.web.controller.DrugController.findByCondition(java.lang.String)
2019-09-21 08:34:26.201 [main] INFO  o.s.w.s.m.m.a.RequestMappingHandlerMapping - Mapped "{[/drug/com/goodhealth/framework/user/showDetail]}" onto public java.lang.String com.goodhealth.web.controller.DrugController.showDetail(javax.servlet.http.HttpServletRequest,org.springframework.ui.Model)
2019-09-21 08:34:26.201 [main] INFO  o.s.w.s.m.m.a.RequestMappingHandlerMapping - Mapped "{[/drug/admin/add]}" onto public org.springframework.web.servlet.ModelAndView com.goodhealth.web.controller.DrugController.addDrug(com.goodhealth.web.entity.Drug,org.springframework.web.multipart.MultipartFile,javax.servlet.http.HttpServletRequest,javax.servlet.http.HttpServletResponse)
2019-09-21 08:34:26.202 [main] INFO  o.s.w.s.m.m.a.RequestMappingHandlerMapping - Mapped "{[/drug/admin/intoAddView]}" onto public java.lang.String com.goodhealth.web.controller.DrugController.intoAddView()
2019-09-21 08:34:26.202 [main] INFO  o.s.w.s.m.m.a.RequestMappingHandlerMapping - Mapped "{[/drug/intoShoppingCar]}" onto public java.lang.String com.goodhealth.web.controller.DrugController.intoShoppingCar(javax.servlet.http.HttpServletRequest,javax.servlet.http.HttpServletResponse,org.springframework.ui.Model)
2019-09-21 08:34:26.203 [main] INFO  o.s.w.s.m.m.a.RequestMappingHandlerMapping - Mapped "{[/login/logout]}" onto public java.lang.String com.goodhealth.web.controller.LoginController.exit(javax.servlet.http.HttpSession)
2019-09-21 08:34:26.203 [main] INFO  o.s.w.s.m.m.a.RequestMappingHandlerMapping - Mapped "{[/login/register]}" onto public java.lang.String com.goodhealth.web.controller.LoginController.register(javax.servlet.http.HttpServletRequest,javax.servlet.http.HttpServletResponse,org.springframework.ui.Model,com.goodhealth.web.entity.Member)
2019-09-21 08:34:26.204 [main] INFO  o.s.w.s.m.m.a.RequestMappingHandlerMapping - Mapped "{[/login/login]}" onto public java.lang.String com.goodhealth.web.controller.LoginController.login(javax.servlet.http.HttpServletRequest,org.springframework.ui.Model,java.lang.String,java.lang.String)
2019-09-21 08:34:26.204 [main] INFO  o.s.w.s.m.m.a.RequestMappingHandlerMapping - Mapped "{[/login/adminLogout]}" onto public java.lang.String com.goodhealth.web.controller.LoginController.adminExit(javax.servlet.http.HttpSession)
2019-09-21 08:34:26.204 [main] INFO  o.s.w.s.m.m.a.RequestMappingHandlerMapping - Mapped "{[/login/adminLogin]}" onto public java.lang.String com.goodhealth.web.controller.LoginController.mangerLogin(javax.servlet.http.HttpServletRequest,org.springframework.ui.Model,java.lang.String,java.lang.String)
2019-09-21 08:34:26.204 [main] INFO  o.s.w.s.m.m.a.RequestMappingHandlerMapping - Mapped "{[/member/admin/search]}" onto public org.springframework.web.servlet.ModelAndView com.goodhealth.web.controller.MemberController.search(javax.servlet.http.HttpServletRequest,javax.servlet.http.HttpServletResponse,java.lang.String)
2019-09-21 08:34:26.204 [main] INFO  o.s.w.s.m.m.a.RequestMappingHandlerMapping - Mapped "{[/member/admin/intoModifyPasswordView]}" onto public java.lang.String com.goodhealth.web.controller.MemberController.intoModifyPasswordView()
2019-09-21 08:34:26.204 [main] INFO  o.s.w.s.m.m.a.RequestMappingHandlerMapping - Mapped "{[/member/admin/adminModifyPassword]}" onto public org.springframework.web.servlet.ModelAndView com.goodhealth.web.controller.MemberController.adminModifyPassword(javax.servlet.http.HttpServletRequest,java.lang.String,java.lang.String)
2019-09-21 08:34:26.205 [main] INFO  o.s.w.s.m.m.a.RequestMappingHandlerMapping - Mapped "{[/member/admin/showMember/{index}]}" onto public org.springframework.web.servlet.ModelAndView com.goodhealth.web.controller.MemberController.showMember(java.lang.Integer,javax.servlet.http.HttpServletRequest)
2019-09-21 08:34:26.206 [main] INFO  o.s.w.s.m.m.a.RequestMappingHandlerMapping - Mapped "{[/news/admin/search]}" onto public org.springframework.web.servlet.ModelAndView com.goodhealth.web.controller.NewController.search(javax.servlet.http.HttpServletRequest,javax.servlet.http.HttpServletResponse,java.lang.String)
2019-09-21 08:34:26.206 [main] INFO  o.s.w.s.m.m.a.RequestMappingHandlerMapping - Mapped "{[/news/admin/delete]}" onto public java.lang.String com.goodhealth.web.controller.NewController.deleteDrug(java.lang.Integer,javax.servlet.http.HttpServletRequest,javax.servlet.http.HttpServletResponse)
2019-09-21 08:34:26.206 [main] INFO  o.s.w.s.m.m.a.RequestMappingHandlerMapping - Mapped "{[/news/admin/intoAddView]}" onto public java.lang.String com.goodhealth.web.controller.NewController.intoAddView()
2019-09-21 08:34:26.206 [main] INFO  o.s.w.s.m.m.a.RequestMappingHandlerMapping - Mapped "{[/news/com/goodhealth/framework/user/findAll]}" onto public org.springframework.web.servlet.ModelAndView com.goodhealth.web.controller.NewController.findAllDrug()
2019-09-21 08:34:26.206 [main] INFO  o.s.w.s.m.m.a.RequestMappingHandlerMapping - Mapped "{[/news/admin/queryAll/{index}]}" onto public org.springframework.web.servlet.ModelAndView com.goodhealth.web.controller.NewController.findAllDrug(java.lang.Integer)
2019-09-21 08:34:26.206 [main] INFO  o.s.w.s.m.m.a.RequestMappingHandlerMapping - Mapped "{[/news/admin/add]}" onto public org.springframework.web.servlet.ModelAndView com.goodhealth.web.controller.NewController.addNews(com.goodhealth.web.entity.News,org.springframework.validation.BindingResult,javax.servlet.http.HttpServletRequest,javax.servlet.http.HttpServletResponse)
2019-09-21 08:34:26.206 [main] INFO  o.s.w.s.m.m.a.RequestMappingHandlerMapping - Mapped "{[/news/com/goodhealth/framework/user/activities]}" onto public org.springframework.web.servlet.ModelAndView com.goodhealth.web.controller.NewController.activities()
2019-09-21 08:34:26.208 [main] INFO  o.s.w.s.m.m.a.RequestMappingHandlerMapping - Mapped "{[/order/admin/search]}" onto public org.springframework.web.servlet.ModelAndView com.goodhealth.web.controller.OrderController.search(javax.servlet.http.HttpServletRequest,javax.servlet.http.HttpServletResponse,java.lang.String)
2019-09-21 08:34:26.208 [main] INFO  o.s.w.s.m.m.a.RequestMappingHandlerMapping - Mapped "{[/order/generateOrderMany]}" onto public org.springframework.web.servlet.ModelAndView com.goodhealth.web.controller.OrderController.generateOrderMany(javax.servlet.http.HttpServletRequest,javax.servlet.http.HttpServletResponse)
2019-09-21 08:34:26.208 [main] INFO  o.s.w.s.m.m.a.RequestMappingHandlerMapping - Mapped "{[/order/admin/showCompletedOrder/{index}]}" onto public java.lang.String com.goodhealth.web.controller.OrderController.showCompletedOrder(int,javax.servlet.http.HttpServletRequest,javax.servlet.http.HttpServletResponse,org.springframework.ui.Model)
2019-09-21 08:34:26.208 [main] INFO  o.s.w.s.m.m.a.RequestMappingHandlerMapping - Mapped "{[/order/admin/queryAll/{index}]}" onto public org.springframework.web.servlet.ModelAndView com.goodhealth.web.controller.OrderController.queryAll(java.lang.Integer)
2019-09-21 08:34:26.208 [main] INFO  o.s.w.s.m.m.a.RequestMappingHandlerMapping - Mapped "{[/order/unpaid]}" onto public org.springframework.web.servlet.ModelAndView com.goodhealth.web.controller.OrderController.showUnpaidOrder(javax.servlet.http.HttpServletRequest,javax.servlet.http.HttpServletResponse)
2019-09-21 08:34:26.209 [main] INFO  o.s.w.s.m.m.a.RequestMappingHandlerMapping - Mapped "{[/order/pay]}" onto public java.lang.String com.goodhealth.web.controller.OrderController.pay(javax.servlet.http.HttpServletRequest,javax.servlet.http.HttpServletResponse,org.springframework.ui.Model,java.lang.String)
2019-09-21 08:34:26.209 [main] INFO  o.s.w.s.m.m.a.RequestMappingHandlerMapping - Mapped "{[/order/payOrder/{id}]}" onto public java.lang.String com.goodhealth.web.controller.OrderController.payOrder(org.springframework.ui.Model,java.lang.String)
2019-09-21 08:34:26.209 [main] INFO  o.s.w.s.m.m.a.RequestMappingHandlerMapping - Mapped "{[/order/admin/showOnesOrder]}" onto public java.lang.String com.goodhealth.web.controller.OrderController.showOnesOrder(org.springframework.ui.Model,java.lang.Integer,javax.servlet.http.HttpServletRequest,javax.servlet.http.HttpServletResponse)
2019-09-21 08:34:26.209 [main] INFO  o.s.w.s.m.m.a.RequestMappingHandlerMapping - Mapped "{[/order/showOrder]}" onto public java.lang.String com.goodhealth.web.controller.OrderController.showOnesOrder(org.springframework.ui.Model,javax.servlet.http.HttpServletRequest,javax.servlet.http.HttpServletResponse)
2019-09-21 08:34:26.210 [main] INFO  o.s.w.s.m.m.a.RequestMappingHandlerMapping - Mapped "{[/prize/admin/search]}" onto public org.springframework.web.servlet.ModelAndView com.goodhealth.web.controller.PrizeController.search(javax.servlet.http.HttpServletRequest,javax.servlet.http.HttpServletResponse,java.lang.String)
2019-09-21 08:34:26.210 [main] INFO  o.s.w.s.m.m.a.RequestMappingHandlerMapping - Mapped "{[/prize/exchange]}" onto public java.lang.String com.goodhealth.web.controller.PrizeController.exchange(javax.servlet.http.HttpServletRequest,javax.servlet.http.HttpServletResponse,java.lang.Integer,java.lang.String)
2019-09-21 08:34:26.210 [main] INFO  o.s.w.s.m.m.a.RequestMappingHandlerMapping - Mapped "{[/prize/admin/save]}" onto public org.springframework.web.servlet.ModelAndView com.goodhealth.web.controller.PrizeController.saveDrug(com.goodhealth.web.entity.Prize,javax.servlet.http.HttpServletRequest,javax.servlet.http.HttpServletResponse)
2019-09-21 08:34:26.210 [main] INFO  o.s.w.s.m.m.a.RequestMappingHandlerMapping - Mapped "{[/prize/admin/intoAddView]}" onto public java.lang.String com.goodhealth.web.controller.PrizeController.intoAddView()
2019-09-21 08:34:26.211 [main] INFO  o.s.w.s.m.m.a.RequestMappingHandlerMapping - Mapped "{[/prize/admin/queryAll/{index}]}" onto public org.springframework.web.servlet.ModelAndView com.goodhealth.web.controller.PrizeController.queryAll(java.lang.Integer)
2019-09-21 08:34:26.211 [main] INFO  o.s.w.s.m.m.a.RequestMappingHandlerMapping - Mapped "{[/prize/admin/add]}" onto public org.springframework.web.servlet.ModelAndView com.goodhealth.web.controller.PrizeController.addPrize(org.springframework.web.multipart.MultipartFile,com.goodhealth.web.entity.Prize,javax.servlet.http.HttpServletRequest,javax.servlet.http.HttpServletResponse)
2019-09-21 08:34:26.211 [main] INFO  o.s.w.s.m.m.a.RequestMappingHandlerMapping - Mapped "{[/prize/admin/edit]}" onto public org.springframework.web.servlet.ModelAndView com.goodhealth.web.controller.PrizeController.edit(java.lang.Integer)
2019-09-21 08:34:26.211 [main] INFO  o.s.w.s.m.m.a.RequestMappingHandlerMapping - Mapped "{[/prize/showPrize]}" onto public org.springframework.web.servlet.ModelAndView com.goodhealth.web.controller.PrizeController.showPrize(java.lang.String)
2019-09-21 08:34:26.211 [main] INFO  o.s.w.s.m.m.a.RequestMappingHandlerMapping - Mapped "{[/prize/com/goodhealth/framework/user/findAll]}" onto public org.springframework.web.servlet.ModelAndView com.goodhealth.web.controller.PrizeController.showAllPrize()
2019-09-21 08:34:26.211 [main] INFO  o.s.w.s.m.m.a.RequestMappingHandlerMapping - Mapped "{[/prize/admin/delete]}" onto public java.lang.String com.goodhealth.web.controller.PrizeController.deletePrize(java.lang.Integer,javax.servlet.http.HttpServletRequest,javax.servlet.http.HttpServletResponse)
2019-09-21 08:34:26.212 [main] INFO  o.s.w.s.m.m.a.RequestMappingHandlerMapping - Mapped "{[/shoppingcar/showMyShoppingCar]}" onto public java.lang.String com.goodhealth.web.controller.ShoppingCarController.showMyShoppingCar(javax.servlet.http.HttpServletRequest,javax.servlet.http.HttpServletResponse,org.springframework.ui.Model)
2019-09-21 08:34:26.212 [main] INFO  o.s.w.s.m.m.a.RequestMappingHandlerMapping - Mapped "{[/shoppingcar/countAdd/{id}]}" onto public java.lang.String com.goodhealth.web.controller.ShoppingCarController.countAdd(int,javax.servlet.http.HttpServletRequest,javax.servlet.http.HttpServletResponse)
2019-09-21 08:34:26.212 [main] INFO  o.s.w.s.m.m.a.RequestMappingHandlerMapping - Mapped "{[/shoppingcar/countDelete/{id}]}" onto public java.lang.String com.goodhealth.web.controller.ShoppingCarController.countDelete(int,javax.servlet.http.HttpServletRequest,javax.servlet.http.HttpServletResponse)
2019-09-21 08:34:26.212 [main] INFO  o.s.w.s.m.m.a.RequestMappingHandlerMapping - Mapped "{[/shoppingcar/countReduce/{id}]}" onto public java.lang.String com.goodhealth.web.controller.ShoppingCarController.countReduce(int,javax.servlet.http.HttpServletRequest,javax.servlet.http.HttpServletResponse)
2019-09-21 08:34:26.212 [main] INFO  o.s.w.s.m.m.a.RequestMappingHandlerMapping - Mapped "{[/view/register]}" onto public java.lang.String com.goodhealth.web.controller.ViewsController.register()
2019-09-21 08:34:26.213 [main] INFO  o.s.w.s.m.m.a.RequestMappingHandlerMapping - Mapped "{[/view/login],methods=[GET]}" onto public java.util.Map<java.lang.String, java.lang.String> com.goodhealth.web.controller.ViewsController.login()
2019-09-21 08:34:26.213 [main] INFO  o.s.w.s.m.m.a.RequestMappingHandlerMapping - Mapped "{[/view/admin/login]}" onto public java.lang.String com.goodhealth.web.controller.ViewsController.manger()
2019-09-21 08:34:26.215 [main] INFO  o.s.w.s.m.m.a.RequestMappingHandlerMapping - Mapped "{[/error]}" onto public org.springframework.http.ResponseEntity<java.util.Map<java.lang.String, java.lang.Object>> org.springframework.boot.autoconfigure.web.servlet.error.BasicErrorController.error(javax.servlet.http.HttpServletRequest)
2019-09-21 08:34:26.215 [main] INFO  o.s.w.s.m.m.a.RequestMappingHandlerMapping - Mapped "{[/error],produces=[text/html]}" onto public org.springframework.web.servlet.ModelAndView org.springframework.boot.autoconfigure.web.servlet.error.BasicErrorController.errorHtml(javax.servlet.http.HttpServletRequest,javax.servlet.http.HttpServletResponse)
2019-09-21 08:34:26.242 [main] INFO  o.s.web.servlet.handler.SimpleUrlHandlerMapping - Mapped URL path [/webjars/**] onto handler of type [class org.springframework.web.servlet.resource.ResourceHttpRequestHandler]
2019-09-21 08:34:26.242 [main] INFO  o.s.web.servlet.handler.SimpleUrlHandlerMapping - Mapped URL path [/static/**] onto handler of type [class org.springframework.web.servlet.resource.ResourceHttpRequestHandler]
2019-09-21 08:34:26.242 [main] INFO  o.s.web.servlet.handler.SimpleUrlHandlerMapping - Mapped URL path [/static/**.] onto handler of type [class org.springframework.web.servlet.resource.ResourceHttpRequestHandler]
2019-09-21 08:34:26.256 [main] INFO  o.s.w.s.m.m.a.ExceptionHandlerExceptionResolver - Detected @ExceptionHandler methods in webGlobalExceptionHandler
2019-09-21 08:34:27.361 [main] INFO  o.s.jmx.export.annotation.AnnotationMBeanExporter - Registering beans for JMX exposure on startup
2019-09-21 08:34:27.363 [main] INFO  o.s.jmx.export.annotation.AnnotationMBeanExporter - Bean with name 'dataSource' has been autodetected for JMX exposure
2019-09-21 08:34:27.368 [main] INFO  o.s.jmx.export.annotation.AnnotationMBeanExporter - Located MBean 'dataSource': registering with JMX server as MBean [com.alibaba.druid.pool:name=dataSource,type=DruidDataSource]
2019-09-21 08:34:27.376 [main] INFO  o.s.s.a.ScheduledAnnotationBeanPostProcessor - No TaskScheduler/ScheduledExecutorService bean found for scheduled processing
2019-09-21 08:34:27.381 [main] INFO  org.apache.coyote.http11.Http11NioProtocol - Starting ProtocolHandler ["http-nio-8080"]
2019-09-21 08:34:27.390 [main] INFO  org.apache.tomcat.util.net.NioSelectorPool - Using a shared selector for servlet write/read
2019-09-21 08:34:27.456 [main] INFO  o.s.boot.web.embedded.tomcat.TomcatWebServer - Tomcat started on port(s): 8080 (http) with context path ''
2019-09-21 08:34:27.459 [main] INFO  com.goodhealth.App - Started App in 34.288 seconds (JVM running for 35.582)
2019-09-21 08:34:37.648 [main] INFO  com.goodhealth.App - Starting App on DESKTOP-VVTL1UH with PID 15064 (D:\study_space\web\target\classes started by 24663 in D:\study_space)
2019-09-21 08:34:37.651 [main] INFO  com.goodhealth.App - No active profile set, falling back to default profiles: default
2019-09-21 08:34:37.817 [main] INFO  o.s.b.w.s.c.AnnotationConfigServletWebServerApplicationContext - Refreshing org.springframework.boot.web.servlet.context.AnnotationConfigServletWebServerApplicationContext@c8c12ac: startup date [Sat Sep 21 08:34:37 CST 2019]; root of context hierarchy
2019-09-21 08:34:38.725 [main] INFO  o.s.d.r.config.RepositoryConfigurationDelegate - Multiple Spring Data modules found, entering strict repository configuration mode!
2019-09-21 08:34:38.891 [main] INFO  o.s.d.r.config.RepositoryConfigurationDelegate - Multiple Spring Data modules found, entering strict repository configuration mode!
2019-09-21 08:34:38.929 [main] INFO  o.s.d.r.c.RepositoryConfigurationExtensionSupport - Spring Data Redis - Could not safely identify store assignment for repository candidate interface com.goodhealth.web.dao.DrugRepository.
2019-09-21 08:34:38.932 [main] INFO  o.s.d.r.c.RepositoryConfigurationExtensionSupport - Spring Data Redis - Could not safely identify store assignment for repository candidate interface com.goodhealth.web.dao.MemberRepository.
2019-09-21 08:34:38.933 [main] INFO  o.s.d.r.c.RepositoryConfigurationExtensionSupport - Spring Data Redis - Could not safely identify store assignment for repository candidate interface com.goodhealth.web.dao.NewRepository.
2019-09-21 08:34:38.934 [main] INFO  o.s.d.r.c.RepositoryConfigurationExtensionSupport - Spring Data Redis - Could not safely identify store assignment for repository candidate interface com.goodhealth.web.dao.OrderItemRepository.
2019-09-21 08:34:38.934 [main] INFO  o.s.d.r.c.RepositoryConfigurationExtensionSupport - Spring Data Redis - Could not safely identify store assignment for repository candidate interface com.goodhealth.web.dao.OrderRepository.
2019-09-21 08:34:38.935 [main] INFO  o.s.d.r.c.RepositoryConfigurationExtensionSupport - Spring Data Redis - Could not safely identify store assignment for repository candidate interface com.goodhealth.web.dao.PrizeRepository.
2019-09-21 08:34:38.935 [main] INFO  o.s.d.r.c.RepositoryConfigurationExtensionSupport - Spring Data Redis - Could not safely identify store assignment for repository candidate interface com.goodhealth.web.dao.ShoppingCarRepository.
2019-09-21 08:34:39.168 [main] INFO  o.s.b.factory.support.DefaultListableBeanFactory - Overriding bean definition for bean 'easyFilter' with a different definition: replacing [Root bean: class [org.springframework.boot.web.servlet.FilterRegistrationBean]; scope=; abstract=false; lazyInit=false; autowireMode=0; dependencyCheck=0; autowireCandidate=true; primary=false; factoryBeanName=null; factoryMethodName=null; initMethodName=null; destroyMethodName=null] with [Root bean: class [org.springframework.boot.web.servlet.FilterRegistrationBean]; scope=; abstract=false; lazyInit=false; autowireMode=0; dependencyCheck=0; autowireCandidate=true; primary=false; factoryBeanName=null; factoryMethodName=null; initMethodName=null; destroyMethodName=null]
2019-09-21 08:34:39.168 [main] INFO  o.s.b.factory.support.DefaultListableBeanFactory - Overriding bean definition for bean 'xssFilter' with a different definition: replacing [Generic bean: class [com.goodhealth.framework.filter.XssFilter]; scope=singleton; abstract=false; lazyInit=false; autowireMode=0; dependencyCheck=0; autowireCandidate=true; primary=false; factoryBeanName=null; factoryMethodName=null; initMethodName=null; destroyMethodName=null; defined in file [D:\study_space\framework\target\classes\com\goodhealth\framework\filter\XssFilter.class]] with [Root bean: class [org.springframework.boot.web.servlet.FilterRegistrationBean]; scope=; abstract=false; lazyInit=false; autowireMode=0; dependencyCheck=0; autowireCandidate=true; primary=false; factoryBeanName=null; factoryMethodName=null; initMethodName=null; destroyMethodName=null]
2019-09-21 08:34:39.313 [main] INFO  o.s.c.s.PostProcessorRegistrationDelegate$BeanPostProcessorChecker - Bean 'org.springframework.transaction.annotation.ProxyTransactionManagementConfiguration' of type [org.springframework.transaction.annotation.ProxyTransactionManagementConfiguration$$EnhancerBySpringCGLIB$$ce6f28] is not eligible for getting processed by all BeanPostProcessors (for example: not eligible for auto-proxying)
2019-09-21 08:34:39.702 [main] INFO  o.s.boot.web.embedded.tomcat.TomcatWebServer - Tomcat initialized with port(s): 8080 (http)
2019-09-21 08:34:39.714 [main] INFO  org.apache.coyote.http11.Http11NioProtocol - Initializing ProtocolHandler ["http-nio-8080"]
2019-09-21 08:34:39.725 [main] INFO  org.apache.catalina.core.StandardService - Starting service [Tomcat]
2019-09-21 08:34:39.725 [main] INFO  org.apache.catalina.core.StandardEngine - Starting Servlet Engine: Apache Tomcat/8.5.32
2019-09-21 08:34:39.729 [localhost-startStop-1] INFO  org.apache.catalina.core.AprLifecycleListener - The APR based Apache Tomcat Native library which allows optimal performance in production environments was not found on the java.library.path: [D:\Java\jdk1.8.0\bin;C:\WINDOWS\Sun\Java\bin;C:\WINDOWS\system32;C:\WINDOWS;E:\xftp\;D:\Java\jdk1.8.0\bin;F:\app\24663\product\11.2.0\dbhome_1\bin;C:\Program Files (x86)\Intel\Intel(R) Management Engine Components\iCLS\;C:\Program Files\Intel\Intel(R) Management Engine Components\iCLS\;C:\Windows\system32;C:\Windows;C:\Windows\System32\Wbem;C:\Windows\System32\WindowsPowerShell\v1.0\;C:\Program Files (x86)\NVIDIA Corporation\PhysX\Common;C:\Program Files (x86)\Intel\Intel(R) Management Engine Components\DAL;C:\Program Files\Intel\Intel(R) Management Engine Components\DAL;C:\Program Files (x86)\Intel\Intel(R) Management Engine Components\IPT;C:\Program Files\Intel\Intel(R) Management Engine Components\IPT;C:\Program Files\Intel\WiFi\bin\;C:\Program Files\Common Files\Intel\WirelessCommon\;C:\WINDOWS\system32;C:\WINDOWS;C:\WINDOWS\System32\Wbem;C:\WINDOWS\System32\WindowsPowerShell\v1.0\;C:\WINDOWS\System32\OpenSSH\;D:\Mysql\mysql-8.0.11-winx64\bin;E:\jar包\Maven\apache-maven-3.6.0\bin;D:\Git\cmd;C:\Users\24663\AppData\Local\Microsoft\WindowsApps;;d:\IntelliJ IDEA 2018.3.5\bin;;.]
2019-09-21 08:34:40.019 [localhost-startStop-1] INFO  org.apache.jasper.servlet.TldScanner - At least one JAR was scanned for TLDs yet contained no TLDs. Enable debug logging for this logger for a complete list of JARs that were scanned but no TLDs were found in them. Skipping unneeded JARs during scanning can improve startup time and JSP compilation time.
2019-09-21 08:34:40.025 [localhost-startStop-1] INFO  o.a.c.core.ContainerBase.[Tomcat].[localhost].[/] - Initializing Spring embedded WebApplicationContext
2019-09-21 08:34:40.025 [localhost-startStop-1] INFO  org.springframework.web.context.ContextLoader - Root WebApplicationContext: initialization completed in 2208 ms
2019-09-21 08:34:40.129 [localhost-startStop-1] INFO  o.s.boot.web.servlet.FilterRegistrationBean - Mapping filter: 'characterEncodingFilter' to: [/*]
2019-09-21 08:34:40.129 [localhost-startStop-1] INFO  o.s.boot.web.servlet.FilterRegistrationBean - Mapping filter: 'hiddenHttpMethodFilter' to: [/*]
2019-09-21 08:34:40.129 [localhost-startStop-1] INFO  o.s.boot.web.servlet.FilterRegistrationBean - Mapping filter: 'httpPutFormContentFilter' to: [/*]
2019-09-21 08:34:40.130 [localhost-startStop-1] INFO  o.s.boot.web.servlet.FilterRegistrationBean - Mapping filter: 'requestContextFilter' to: [/*]
2019-09-21 08:34:40.130 [localhost-startStop-1] INFO  o.s.boot.web.servlet.FilterRegistrationBean - Mapping filter: 'xssFilter' to urls: [/*]
2019-09-21 08:34:40.130 [localhost-startStop-1] INFO  o.s.boot.web.servlet.FilterRegistrationBean - Mapping filter: 'easyFilter' to urls: [/xx/xx]
2019-09-21 08:34:40.130 [localhost-startStop-1] INFO  o.s.boot.web.servlet.ServletRegistrationBean - Servlet dispatcherServlet mapped to [/]
2019-09-21 08:34:40.430 [main] INFO  com.alibaba.druid.pool.DruidDataSource - {dataSource-1} inited
2019-09-21 08:34:41.026 [main] INFO  o.s.orm.jpa.LocalContainerEntityManagerFactoryBean - Building JPA container EntityManagerFactory for persistence unit 'default'
2019-09-21 08:34:41.037 [main] INFO  org.hibernate.jpa.internal.util.LogHelper - HHH000204: Processing PersistenceUnitInfo [
	name: default
	...]
2019-09-21 08:34:41.094 [main] INFO  org.hibernate.Version - HHH000412: Hibernate Core {5.2.17.Final}
2019-09-21 08:34:41.095 [main] INFO  org.hibernate.cfg.Environment - HHH000206: hibernate.properties not found
2019-09-21 08:34:41.129 [main] INFO  org.hibernate.annotations.common.Version - HCANN000001: Hibernate Commons Annotations {5.0.1.Final}
2019-09-21 08:34:41.347 [main] INFO  org.hibernate.dialect.Dialect - HHH000400: Using dialect: org.hibernate.dialect.MySQL5Dialect
2019-09-21 08:34:42.465 [main] INFO  o.h.hql.internal.QueryTranslatorFactoryInitiator - HHH000397: Using ASTQueryTranslatorFactory
2019-09-21 08:34:42.533 [main] INFO  o.s.orm.jpa.LocalContainerEntityManagerFactoryBean - Initialized JPA EntityManagerFactory for persistence unit 'default'
2019-09-21 08:34:43.441 [main] INFO  o.s.web.servlet.handler.SimpleUrlHandlerMapping - Mapped URL path [/**/favicon.ico] onto handler of type [class org.springframework.web.servlet.resource.ResourceHttpRequestHandler]
2019-09-21 08:34:43.789 [main] INFO  o.s.w.s.m.m.a.RequestMappingHandlerAdapter - Looking for @ControllerAdvice: org.springframework.boot.web.servlet.context.AnnotationConfigServletWebServerApplicationContext@c8c12ac: startup date [Sat Sep 21 08:34:37 CST 2019]; root of context hierarchy
2019-09-21 08:34:43.869 [main] INFO  o.s.w.s.m.m.a.RequestMappingHandlerMapping - Mapped "{[/drug/com/goodhealth/framework/user/searchDrug]}" onto public org.springframework.web.servlet.ModelAndView com.goodhealth.web.controller.DrugController.search(javax.servlet.http.HttpServletRequest,javax.servlet.http.HttpServletResponse,java.lang.String,org.springframework.ui.Model)
2019-09-21 08:34:43.871 [main] INFO  o.s.w.s.m.m.a.RequestMappingHandlerMapping - Mapped "{[/drug/admin/details]}" onto public java.lang.String com.goodhealth.web.controller.DrugController.details(javax.servlet.http.HttpServletRequest,org.springframework.ui.Model)
2019-09-21 08:34:43.871 [main] INFO  o.s.w.s.m.m.a.RequestMappingHandlerMapping - Mapped "{[/drug/com/goodhealth/framework/user/findAll]}" onto public org.springframework.web.servlet.ModelAndView com.goodhealth.web.controller.DrugController.findAll()
2019-09-21 08:34:43.871 [main] INFO  o.s.w.s.m.m.a.RequestMappingHandlerMapping - Mapped "{[/drug/admin/search]}" onto public org.springframework.web.servlet.ModelAndView com.goodhealth.web.controller.DrugController.searchDrugForManger(javax.servlet.http.HttpServletRequest,javax.servlet.http.HttpServletResponse,java.lang.String)
2019-09-21 08:34:43.871 [main] INFO  o.s.w.s.m.m.a.RequestMappingHandlerMapping - Mapped "{[/drug/admin/intoAddView]}" onto public java.lang.String com.goodhealth.web.controller.DrugController.intoAddView()
2019-09-21 08:34:43.872 [main] INFO  o.s.w.s.m.m.a.RequestMappingHandlerMapping - Mapped "{[/drug/com/goodhealth/framework/user/findByFunction],methods=[GET]}" onto public org.springframework.web.servlet.ModelAndView com.goodhealth.web.controller.DrugController.findByFunction(java.lang.String)
2019-09-21 08:34:43.872 [main] INFO  o.s.w.s.m.m.a.RequestMappingHandlerMapping - Mapped "{[/drug/admin/save]}" onto public org.springframework.web.servlet.ModelAndView com.goodhealth.web.controller.DrugController.saveDrug(com.goodhealth.web.entity.Drug,javax.servlet.http.HttpServletRequest,javax.servlet.http.HttpServletResponse)
2019-09-21 08:34:43.872 [main] INFO  o.s.w.s.m.m.a.RequestMappingHandlerMapping - Mapped "{[/drug/admin/edit]}" onto public org.springframework.web.servlet.ModelAndView com.goodhealth.web.controller.DrugController.editDrug(java.lang.Integer)
2019-09-21 08:34:43.872 [main] INFO  o.s.w.s.m.m.a.RequestMappingHandlerMapping - Mapped "{[/drug/admin/delete]}" onto public java.lang.String com.goodhealth.web.controller.DrugController.deleteDrug(int,javax.servlet.http.HttpServletRequest,javax.servlet.http.HttpServletResponse)
2019-09-21 08:34:43.872 [main] INFO  o.s.w.s.m.m.a.RequestMappingHandlerMapping - Mapped "{[/drug/admin/queryAll/{index}]}" onto public org.springframework.web.servlet.ModelAndView com.goodhealth.web.controller.DrugController.queryByPage(int)
2019-09-21 08:34:43.872 [main] INFO  o.s.w.s.m.m.a.RequestMappingHandlerMapping - Mapped "{[/drug/com/goodhealth/framework/user/findByCondition],methods=[GET]}" onto public org.springframework.web.servlet.ModelAndView com.goodhealth.web.controller.DrugController.findByCondition(java.lang.String)
2019-09-21 08:34:43.873 [main] INFO  o.s.w.s.m.m.a.RequestMappingHandlerMapping - Mapped "{[/drug/com/goodhealth/framework/user/half]}" onto public org.springframework.web.servlet.ModelAndView com.goodhealth.web.controller.DrugController.findByCondition()
2019-09-21 08:34:43.873 [main] INFO  o.s.w.s.m.m.a.RequestMappingHandlerMapping - Mapped "{[/drug/com/goodhealth/framework/user/showDetail]}" onto public java.lang.String com.goodhealth.web.controller.DrugController.showDetail(javax.servlet.http.HttpServletRequest,org.springframework.ui.Model)
2019-09-21 08:34:43.873 [main] INFO  o.s.w.s.m.m.a.RequestMappingHandlerMapping - Mapped "{[/drug/intoShoppingCar]}" onto public java.lang.String com.goodhealth.web.controller.DrugController.intoShoppingCar(javax.servlet.http.HttpServletRequest,javax.servlet.http.HttpServletResponse,org.springframework.ui.Model)
2019-09-21 08:34:43.873 [main] INFO  o.s.w.s.m.m.a.RequestMappingHandlerMapping - Mapped "{[/drug/admin/add]}" onto public org.springframework.web.servlet.ModelAndView com.goodhealth.web.controller.DrugController.addDrug(com.goodhealth.web.entity.Drug,org.springframework.web.multipart.MultipartFile,javax.servlet.http.HttpServletRequest,javax.servlet.http.HttpServletResponse)
2019-09-21 08:34:43.875 [main] INFO  o.s.w.s.m.m.a.RequestMappingHandlerMapping - Mapped "{[/login/logout]}" onto public java.lang.String com.goodhealth.web.controller.LoginController.exit(javax.servlet.http.HttpSession)
2019-09-21 08:34:43.876 [main] INFO  o.s.w.s.m.m.a.RequestMappingHandlerMapping - Mapped "{[/login/register]}" onto public java.lang.String com.goodhealth.web.controller.LoginController.register(javax.servlet.http.HttpServletRequest,javax.servlet.http.HttpServletResponse,org.springframework.ui.Model,com.goodhealth.web.entity.Member)
2019-09-21 08:34:43.876 [main] INFO  o.s.w.s.m.m.a.RequestMappingHandlerMapping - Mapped "{[/login/login]}" onto public java.lang.String com.goodhealth.web.controller.LoginController.login(javax.servlet.http.HttpServletRequest,org.springframework.ui.Model,java.lang.String,java.lang.String)
2019-09-21 08:34:43.876 [main] INFO  o.s.w.s.m.m.a.RequestMappingHandlerMapping - Mapped "{[/login/adminLogout]}" onto public java.lang.String com.goodhealth.web.controller.LoginController.adminExit(javax.servlet.http.HttpSession)
2019-09-21 08:34:43.876 [main] INFO  o.s.w.s.m.m.a.RequestMappingHandlerMapping - Mapped "{[/login/adminLogin]}" onto public java.lang.String com.goodhealth.web.controller.LoginController.mangerLogin(javax.servlet.http.HttpServletRequest,org.springframework.ui.Model,java.lang.String,java.lang.String)
2019-09-21 08:34:43.877 [main] INFO  o.s.w.s.m.m.a.RequestMappingHandlerMapping - Mapped "{[/member/admin/search]}" onto public org.springframework.web.servlet.ModelAndView com.goodhealth.web.controller.MemberController.search(javax.servlet.http.HttpServletRequest,javax.servlet.http.HttpServletResponse,java.lang.String)
2019-09-21 08:34:43.877 [main] INFO  o.s.w.s.m.m.a.RequestMappingHandlerMapping - Mapped "{[/member/admin/intoModifyPasswordView]}" onto public java.lang.String com.goodhealth.web.controller.MemberController.intoModifyPasswordView()
2019-09-21 08:34:43.878 [main] INFO  o.s.w.s.m.m.a.RequestMappingHandlerMapping - Mapped "{[/member/admin/adminModifyPassword]}" onto public org.springframework.web.servlet.ModelAndView com.goodhealth.web.controller.MemberController.adminModifyPassword(javax.servlet.http.HttpServletRequest,java.lang.String,java.lang.String)
2019-09-21 08:34:43.878 [main] INFO  o.s.w.s.m.m.a.RequestMappingHandlerMapping - Mapped "{[/member/admin/showMember/{index}]}" onto public org.springframework.web.servlet.ModelAndView com.goodhealth.web.controller.MemberController.showMember(java.lang.Integer,javax.servlet.http.HttpServletRequest)
2019-09-21 08:34:43.879 [main] INFO  o.s.w.s.m.m.a.RequestMappingHandlerMapping - Mapped "{[/news/admin/search]}" onto public org.springframework.web.servlet.ModelAndView com.goodhealth.web.controller.NewController.search(javax.servlet.http.HttpServletRequest,javax.servlet.http.HttpServletResponse,java.lang.String)
2019-09-21 08:34:43.880 [main] INFO  o.s.w.s.m.m.a.RequestMappingHandlerMapping - Mapped "{[/news/com/goodhealth/framework/user/findAll]}" onto public org.springframework.web.servlet.ModelAndView com.goodhealth.web.controller.NewController.findAllDrug()
2019-09-21 08:34:43.880 [main] INFO  o.s.w.s.m.m.a.RequestMappingHandlerMapping - Mapped "{[/news/admin/queryAll/{index}]}" onto public org.springframework.web.servlet.ModelAndView com.goodhealth.web.controller.NewController.findAllDrug(java.lang.Integer)
2019-09-21 08:34:43.880 [main] INFO  o.s.w.s.m.m.a.RequestMappingHandlerMapping - Mapped "{[/news/com/goodhealth/framework/user/activities]}" onto public org.springframework.web.servlet.ModelAndView com.goodhealth.web.controller.NewController.activities()
2019-09-21 08:34:43.881 [main] INFO  o.s.w.s.m.m.a.RequestMappingHandlerMapping - Mapped "{[/news/admin/add]}" onto public org.springframework.web.servlet.ModelAndView com.goodhealth.web.controller.NewController.addNews(com.goodhealth.web.entity.News,org.springframework.validation.BindingResult,javax.servlet.http.HttpServletRequest,javax.servlet.http.HttpServletResponse)
2019-09-21 08:34:43.881 [main] INFO  o.s.w.s.m.m.a.RequestMappingHandlerMapping - Mapped "{[/news/admin/intoAddView]}" onto public java.lang.String com.goodhealth.web.controller.NewController.intoAddView()
2019-09-21 08:34:43.881 [main] INFO  o.s.w.s.m.m.a.RequestMappingHandlerMapping - Mapped "{[/news/admin/delete]}" onto public java.lang.String com.goodhealth.web.controller.NewController.deleteDrug(java.lang.Integer,javax.servlet.http.HttpServletRequest,javax.servlet.http.HttpServletResponse)
2019-09-21 08:34:43.882 [main] INFO  o.s.w.s.m.m.a.RequestMappingHandlerMapping - Mapped "{[/order/admin/search]}" onto public org.springframework.web.servlet.ModelAndView com.goodhealth.web.controller.OrderController.search(javax.servlet.http.HttpServletRequest,javax.servlet.http.HttpServletResponse,java.lang.String)
2019-09-21 08:34:43.882 [main] INFO  o.s.w.s.m.m.a.RequestMappingHandlerMapping - Mapped "{[/order/generateOrderMany]}" onto public org.springframework.web.servlet.ModelAndView com.goodhealth.web.controller.OrderController.generateOrderMany(javax.servlet.http.HttpServletRequest,javax.servlet.http.HttpServletResponse)
2019-09-21 08:34:43.883 [main] INFO  o.s.w.s.m.m.a.RequestMappingHandlerMapping - Mapped "{[/order/admin/showCompletedOrder/{index}]}" onto public java.lang.String com.goodhealth.web.controller.OrderController.showCompletedOrder(int,javax.servlet.http.HttpServletRequest,javax.servlet.http.HttpServletResponse,org.springframework.ui.Model)
2019-09-21 08:34:43.883 [main] INFO  o.s.w.s.m.m.a.RequestMappingHandlerMapping - Mapped "{[/order/unpaid]}" onto public org.springframework.web.servlet.ModelAndView com.goodhealth.web.controller.OrderController.showUnpaidOrder(javax.servlet.http.HttpServletRequest,javax.servlet.http.HttpServletResponse)
2019-09-21 08:34:43.883 [main] INFO  o.s.w.s.m.m.a.RequestMappingHandlerMapping - Mapped "{[/order/payOrder/{id}]}" onto public java.lang.String com.goodhealth.web.controller.OrderController.payOrder(org.springframework.ui.Model,java.lang.String)
2019-09-21 08:34:43.883 [main] INFO  o.s.w.s.m.m.a.RequestMappingHandlerMapping - Mapped "{[/order/admin/queryAll/{index}]}" onto public org.springframework.web.servlet.ModelAndView com.goodhealth.web.controller.OrderController.queryAll(java.lang.Integer)
2019-09-21 08:34:43.883 [main] INFO  o.s.w.s.m.m.a.RequestMappingHandlerMapping - Mapped "{[/order/showOrder]}" onto public java.lang.String com.goodhealth.web.controller.OrderController.showOnesOrder(org.springframework.ui.Model,javax.servlet.http.HttpServletRequest,javax.servlet.http.HttpServletResponse)
2019-09-21 08:34:43.883 [main] INFO  o.s.w.s.m.m.a.RequestMappingHandlerMapping - Mapped "{[/order/admin/showOnesOrder]}" onto public java.lang.String com.goodhealth.web.controller.OrderController.showOnesOrder(org.springframework.ui.Model,java.lang.Integer,javax.servlet.http.HttpServletRequest,javax.servlet.http.HttpServletResponse)
2019-09-21 08:34:43.884 [main] INFO  o.s.w.s.m.m.a.RequestMappingHandlerMapping - Mapped "{[/order/pay]}" onto public java.lang.String com.goodhealth.web.controller.OrderController.pay(javax.servlet.http.HttpServletRequest,javax.servlet.http.HttpServletResponse,org.springframework.ui.Model,java.lang.String)
2019-09-21 08:34:43.885 [main] INFO  o.s.w.s.m.m.a.RequestMappingHandlerMapping - Mapped "{[/prize/admin/search]}" onto public org.springframework.web.servlet.ModelAndView com.goodhealth.web.controller.PrizeController.search(javax.servlet.http.HttpServletRequest,javax.servlet.http.HttpServletResponse,java.lang.String)
2019-09-21 08:34:43.886 [main] INFO  o.s.w.s.m.m.a.RequestMappingHandlerMapping - Mapped "{[/prize/exchange]}" onto public java.lang.String com.goodhealth.web.controller.PrizeController.exchange(javax.servlet.http.HttpServletRequest,javax.servlet.http.HttpServletResponse,java.lang.Integer,java.lang.String)
2019-09-21 08:34:43.886 [main] INFO  o.s.w.s.m.m.a.RequestMappingHandlerMapping - Mapped "{[/prize/admin/queryAll/{index}]}" onto public org.springframework.web.servlet.ModelAndView com.goodhealth.web.controller.PrizeController.queryAll(java.lang.Integer)
2019-09-21 08:34:43.886 [main] INFO  o.s.w.s.m.m.a.RequestMappingHandlerMapping - Mapped "{[/prize/admin/edit]}" onto public org.springframework.web.servlet.ModelAndView com.goodhealth.web.controller.PrizeController.edit(java.lang.Integer)
2019-09-21 08:34:43.886 [main] INFO  o.s.w.s.m.m.a.RequestMappingHandlerMapping - Mapped "{[/prize/com/goodhealth/framework/user/findAll]}" onto public org.springframework.web.servlet.ModelAndView com.goodhealth.web.controller.PrizeController.showAllPrize()
2019-09-21 08:34:43.886 [main] INFO  o.s.w.s.m.m.a.RequestMappingHandlerMapping - Mapped "{[/prize/showPrize]}" onto public org.springframework.web.servlet.ModelAndView com.goodhealth.web.controller.PrizeController.showPrize(java.lang.String)
2019-09-21 08:34:43.886 [main] INFO  o.s.w.s.m.m.a.RequestMappingHandlerMapping - Mapped "{[/prize/admin/delete]}" onto public java.lang.String com.goodhealth.web.controller.PrizeController.deletePrize(java.lang.Integer,javax.servlet.http.HttpServletRequest,javax.servlet.http.HttpServletResponse)
2019-09-21 08:34:43.887 [main] INFO  o.s.w.s.m.m.a.RequestMappingHandlerMapping - Mapped "{[/prize/admin/add]}" onto public org.springframework.web.servlet.ModelAndView com.goodhealth.web.controller.PrizeController.addPrize(org.springframework.web.multipart.MultipartFile,com.goodhealth.web.entity.Prize,javax.servlet.http.HttpServletRequest,javax.servlet.http.HttpServletResponse)
2019-09-21 08:34:43.887 [main] INFO  o.s.w.s.m.m.a.RequestMappingHandlerMapping - Mapped "{[/prize/admin/intoAddView]}" onto public java.lang.String com.goodhealth.web.controller.PrizeController.intoAddView()
2019-09-21 08:34:43.887 [main] INFO  o.s.w.s.m.m.a.RequestMappingHandlerMapping - Mapped "{[/prize/admin/save]}" onto public org.springframework.web.servlet.ModelAndView com.goodhealth.web.controller.PrizeController.saveDrug(com.goodhealth.web.entity.Prize,javax.servlet.http.HttpServletRequest,javax.servlet.http.HttpServletResponse)
2019-09-21 08:34:43.887 [main] INFO  o.s.w.s.m.m.a.RequestMappingHandlerMapping - Mapped "{[/shoppingcar/countReduce/{id}]}" onto public java.lang.String com.goodhealth.web.controller.ShoppingCarController.countReduce(int,javax.servlet.http.HttpServletRequest,javax.servlet.http.HttpServletResponse)
2019-09-21 08:34:43.887 [main] INFO  o.s.w.s.m.m.a.RequestMappingHandlerMapping - Mapped "{[/shoppingcar/countAdd/{id}]}" onto public java.lang.String com.goodhealth.web.controller.ShoppingCarController.countAdd(int,javax.servlet.http.HttpServletRequest,javax.servlet.http.HttpServletResponse)
2019-09-21 08:34:43.888 [main] INFO  o.s.w.s.m.m.a.RequestMappingHandlerMapping - Mapped "{[/shoppingcar/countDelete/{id}]}" onto public java.lang.String com.goodhealth.web.controller.ShoppingCarController.countDelete(int,javax.servlet.http.HttpServletRequest,javax.servlet.http.HttpServletResponse)
2019-09-21 08:34:43.888 [main] INFO  o.s.w.s.m.m.a.RequestMappingHandlerMapping - Mapped "{[/shoppingcar/showMyShoppingCar]}" onto public java.lang.String com.goodhealth.web.controller.ShoppingCarController.showMyShoppingCar(javax.servlet.http.HttpServletRequest,javax.servlet.http.HttpServletResponse,org.springframework.ui.Model)
2019-09-21 08:34:43.889 [main] INFO  o.s.w.s.m.m.a.RequestMappingHandlerMapping - Mapped "{[/view/register]}" onto public java.lang.String com.goodhealth.web.controller.ViewsController.register()
2019-09-21 08:34:43.890 [main] INFO  o.s.w.s.m.m.a.RequestMappingHandlerMapping - Mapped "{[/view/login],methods=[GET]}" onto public java.util.Map<java.lang.String, java.lang.String> com.goodhealth.web.controller.ViewsController.login()
2019-09-21 08:34:43.890 [main] INFO  o.s.w.s.m.m.a.RequestMappingHandlerMapping - Mapped "{[/view/admin/login]}" onto public java.lang.String com.goodhealth.web.controller.ViewsController.manger()
2019-09-21 08:34:43.892 [main] INFO  o.s.w.s.m.m.a.RequestMappingHandlerMapping - Mapped "{[/error]}" onto public org.springframework.http.ResponseEntity<java.util.Map<java.lang.String, java.lang.Object>> org.springframework.boot.autoconfigure.web.servlet.error.BasicErrorController.error(javax.servlet.http.HttpServletRequest)
2019-09-21 08:34:43.893 [main] INFO  o.s.w.s.m.m.a.RequestMappingHandlerMapping - Mapped "{[/error],produces=[text/html]}" onto public org.springframework.web.servlet.ModelAndView org.springframework.boot.autoconfigure.web.servlet.error.BasicErrorController.errorHtml(javax.servlet.http.HttpServletRequest,javax.servlet.http.HttpServletResponse)
2019-09-21 08:34:43.981 [main] INFO  o.s.web.servlet.handler.SimpleUrlHandlerMapping - Mapped URL path [/webjars/**] onto handler of type [class org.springframework.web.servlet.resource.ResourceHttpRequestHandler]
2019-09-21 08:34:43.981 [main] INFO  o.s.web.servlet.handler.SimpleUrlHandlerMapping - Mapped URL path [/static/**] onto handler of type [class org.springframework.web.servlet.resource.ResourceHttpRequestHandler]
2019-09-21 08:34:43.981 [main] INFO  o.s.web.servlet.handler.SimpleUrlHandlerMapping - Mapped URL path [/static/**.] onto handler of type [class org.springframework.web.servlet.resource.ResourceHttpRequestHandler]
2019-09-21 08:34:44.009 [main] INFO  o.s.w.s.m.m.a.ExceptionHandlerExceptionResolver - Detected @ExceptionHandler methods in webGlobalExceptionHandler
2019-09-21 08:34:45.092 [main] INFO  o.s.jmx.export.annotation.AnnotationMBeanExporter - Registering beans for JMX exposure on startup
2019-09-21 08:34:45.094 [main] INFO  o.s.jmx.export.annotation.AnnotationMBeanExporter - Bean with name 'dataSource' has been autodetected for JMX exposure
2019-09-21 08:34:45.101 [main] INFO  o.s.jmx.export.annotation.AnnotationMBeanExporter - Located MBean 'dataSource': registering with JMX server as MBean [com.alibaba.druid.pool:name=dataSource,type=DruidDataSource]
2019-09-21 08:34:45.117 [main] INFO  o.s.s.a.ScheduledAnnotationBeanPostProcessor - No TaskScheduler/ScheduledExecutorService bean found for scheduled processing
2019-09-21 08:34:45.125 [main] INFO  org.apache.coyote.http11.Http11NioProtocol - Starting ProtocolHandler ["http-nio-8080"]
2019-09-21 08:34:45.137 [main] INFO  org.apache.tomcat.util.net.NioSelectorPool - Using a shared selector for servlet write/read
2019-09-21 08:34:45.179 [main] INFO  o.s.boot.web.embedded.tomcat.TomcatWebServer - Tomcat started on port(s): 8080 (http) with context path ''
2019-09-21 08:34:45.187 [main] INFO  com.goodhealth.App - Started App in 8.326 seconds (JVM running for 9.432)
2019-09-21 08:35:30.384 [http-nio-8080-exec-2] INFO  o.a.c.core.ContainerBase.[Tomcat].[localhost].[/] - Initializing Spring FrameworkServlet 'dispatcherServlet'
2019-09-21 08:35:30.385 [http-nio-8080-exec-2] INFO  org.springframework.web.servlet.DispatcherServlet - FrameworkServlet 'dispatcherServlet': initialization started
2019-09-21 08:35:30.405 [http-nio-8080-exec-2] INFO  org.springframework.web.servlet.DispatcherServlet - FrameworkServlet 'dispatcherServlet': initialization completed in 20 ms
2019-09-21 08:36:08.350 [main] INFO  com.goodhealth.App - Starting App on DESKTOP-VVTL1UH with PID 7900 (D:\study_space\web\target\classes started by 24663 in D:\study_space)
2019-09-21 08:36:08.355 [main] INFO  com.goodhealth.App - No active profile set, falling back to default profiles: default
2019-09-21 08:36:08.511 [main] INFO  o.s.b.w.s.c.AnnotationConfigServletWebServerApplicationContext - Refreshing org.springframework.boot.web.servlet.context.AnnotationConfigServletWebServerApplicationContext@4efbca5a: startup date [Sat Sep 21 08:36:08 CST 2019]; root of context hierarchy
2019-09-21 08:36:09.426 [main] INFO  o.s.d.r.config.RepositoryConfigurationDelegate - Multiple Spring Data modules found, entering strict repository configuration mode!
2019-09-21 08:36:09.590 [main] INFO  o.s.d.r.config.RepositoryConfigurationDelegate - Multiple Spring Data modules found, entering strict repository configuration mode!
2019-09-21 08:36:09.652 [main] INFO  o.s.d.r.c.RepositoryConfigurationExtensionSupport - Spring Data Redis - Could not safely identify store assignment for repository candidate interface com.goodhealth.web.dao.DrugRepository.
2019-09-21 08:36:09.656 [main] INFO  o.s.d.r.c.RepositoryConfigurationExtensionSupport - Spring Data Redis - Could not safely identify store assignment for repository candidate interface com.goodhealth.web.dao.MemberRepository.
2019-09-21 08:36:09.657 [main] INFO  o.s.d.r.c.RepositoryConfigurationExtensionSupport - Spring Data Redis - Could not safely identify store assignment for repository candidate interface com.goodhealth.web.dao.NewRepository.
2019-09-21 08:36:09.658 [main] INFO  o.s.d.r.c.RepositoryConfigurationExtensionSupport - Spring Data Redis - Could not safely identify store assignment for repository candidate interface com.goodhealth.web.dao.OrderItemRepository.
2019-09-21 08:36:09.658 [main] INFO  o.s.d.r.c.RepositoryConfigurationExtensionSupport - Spring Data Redis - Could not safely identify store assignment for repository candidate interface com.goodhealth.web.dao.OrderRepository.
2019-09-21 08:36:09.659 [main] INFO  o.s.d.r.c.RepositoryConfigurationExtensionSupport - Spring Data Redis - Could not safely identify store assignment for repository candidate interface com.goodhealth.web.dao.PrizeRepository.
2019-09-21 08:36:09.659 [main] INFO  o.s.d.r.c.RepositoryConfigurationExtensionSupport - Spring Data Redis - Could not safely identify store assignment for repository candidate interface com.goodhealth.web.dao.ShoppingCarRepository.
2019-09-21 08:36:09.960 [main] INFO  o.s.b.factory.support.DefaultListableBeanFactory - Overriding bean definition for bean 'easyFilter' with a different definition: replacing [Root bean: class [org.springframework.boot.web.servlet.FilterRegistrationBean]; scope=; abstract=false; lazyInit=false; autowireMode=0; dependencyCheck=0; autowireCandidate=true; primary=false; factoryBeanName=null; factoryMethodName=null; initMethodName=null; destroyMethodName=null] with [Root bean: class [org.springframework.boot.web.servlet.FilterRegistrationBean]; scope=; abstract=false; lazyInit=false; autowireMode=0; dependencyCheck=0; autowireCandidate=true; primary=false; factoryBeanName=null; factoryMethodName=null; initMethodName=null; destroyMethodName=null]
2019-09-21 08:36:09.961 [main] INFO  o.s.b.factory.support.DefaultListableBeanFactory - Overriding bean definition for bean 'xssFilter' with a different definition: replacing [Generic bean: class [com.goodhealth.framework.filter.XssFilter]; scope=singleton; abstract=false; lazyInit=false; autowireMode=0; dependencyCheck=0; autowireCandidate=true; primary=false; factoryBeanName=null; factoryMethodName=null; initMethodName=null; destroyMethodName=null; defined in file [D:\study_space\framework\target\classes\com\goodhealth\framework\filter\XssFilter.class]] with [Root bean: class [org.springframework.boot.web.servlet.FilterRegistrationBean]; scope=; abstract=false; lazyInit=false; autowireMode=0; dependencyCheck=0; autowireCandidate=true; primary=false; factoryBeanName=null; factoryMethodName=null; initMethodName=null; destroyMethodName=null]
2019-09-21 08:36:10.093 [main] INFO  o.s.c.s.PostProcessorRegistrationDelegate$BeanPostProcessorChecker - Bean 'org.springframework.transaction.annotation.ProxyTransactionManagementConfiguration' of type [org.springframework.transaction.annotation.ProxyTransactionManagementConfiguration$$EnhancerBySpringCGLIB$$ce6f28] is not eligible for getting processed by all BeanPostProcessors (for example: not eligible for auto-proxying)
2019-09-21 08:36:10.483 [main] INFO  o.s.boot.web.embedded.tomcat.TomcatWebServer - Tomcat initialized with port(s): 8080 (http)
2019-09-21 08:36:10.496 [main] INFO  org.apache.coyote.http11.Http11NioProtocol - Initializing ProtocolHandler ["http-nio-8080"]
2019-09-21 08:36:10.507 [main] INFO  org.apache.catalina.core.StandardService - Starting service [Tomcat]
2019-09-21 08:36:10.507 [main] INFO  org.apache.catalina.core.StandardEngine - Starting Servlet Engine: Apache Tomcat/8.5.32
2019-09-21 08:36:10.524 [localhost-startStop-1] INFO  org.apache.catalina.core.AprLifecycleListener - The APR based Apache Tomcat Native library which allows optimal performance in production environments was not found on the java.library.path: [D:\Java\jdk1.8.0\bin;C:\WINDOWS\Sun\Java\bin;C:\WINDOWS\system32;C:\WINDOWS;E:\xftp\;D:\Java\jdk1.8.0\bin;F:\app\24663\product\11.2.0\dbhome_1\bin;C:\Program Files (x86)\Intel\Intel(R) Management Engine Components\iCLS\;C:\Program Files\Intel\Intel(R) Management Engine Components\iCLS\;C:\Windows\system32;C:\Windows;C:\Windows\System32\Wbem;C:\Windows\System32\WindowsPowerShell\v1.0\;C:\Program Files (x86)\NVIDIA Corporation\PhysX\Common;C:\Program Files (x86)\Intel\Intel(R) Management Engine Components\DAL;C:\Program Files\Intel\Intel(R) Management Engine Components\DAL;C:\Program Files (x86)\Intel\Intel(R) Management Engine Components\IPT;C:\Program Files\Intel\Intel(R) Management Engine Components\IPT;C:\Program Files\Intel\WiFi\bin\;C:\Program Files\Common Files\Intel\WirelessCommon\;C:\WINDOWS\system32;C:\WINDOWS;C:\WINDOWS\System32\Wbem;C:\WINDOWS\System32\WindowsPowerShell\v1.0\;C:\WINDOWS\System32\OpenSSH\;D:\Mysql\mysql-8.0.11-winx64\bin;E:\jar包\Maven\apache-maven-3.6.0\bin;D:\Git\cmd;C:\Users\24663\AppData\Local\Microsoft\WindowsApps;;d:\IntelliJ IDEA 2018.3.5\bin;;.]
2019-09-21 08:36:10.777 [localhost-startStop-1] INFO  org.apache.jasper.servlet.TldScanner - At least one JAR was scanned for TLDs yet contained no TLDs. Enable debug logging for this logger for a complete list of JARs that were scanned but no TLDs were found in them. Skipping unneeded JARs during scanning can improve startup time and JSP compilation time.
2019-09-21 08:36:10.781 [localhost-startStop-1] INFO  o.a.c.core.ContainerBase.[Tomcat].[localhost].[/] - Initializing Spring embedded WebApplicationContext
2019-09-21 08:36:10.781 [localhost-startStop-1] INFO  org.springframework.web.context.ContextLoader - Root WebApplicationContext: initialization completed in 2270 ms
2019-09-21 08:36:10.880 [localhost-startStop-1] INFO  o.s.boot.web.servlet.FilterRegistrationBean - Mapping filter: 'characterEncodingFilter' to: [/*]
2019-09-21 08:36:10.881 [localhost-startStop-1] INFO  o.s.boot.web.servlet.FilterRegistrationBean - Mapping filter: 'hiddenHttpMethodFilter' to: [/*]
2019-09-21 08:36:10.881 [localhost-startStop-1] INFO  o.s.boot.web.servlet.FilterRegistrationBean - Mapping filter: 'httpPutFormContentFilter' to: [/*]
2019-09-21 08:36:10.881 [localhost-startStop-1] INFO  o.s.boot.web.servlet.FilterRegistrationBean - Mapping filter: 'requestContextFilter' to: [/*]
2019-09-21 08:36:10.881 [localhost-startStop-1] INFO  o.s.boot.web.servlet.FilterRegistrationBean - Mapping filter: 'xssFilter' to urls: [/*]
2019-09-21 08:36:10.881 [localhost-startStop-1] INFO  o.s.boot.web.servlet.FilterRegistrationBean - Mapping filter: 'easyFilter' to urls: [/xx/xx]
2019-09-21 08:36:10.881 [localhost-startStop-1] INFO  o.s.boot.web.servlet.ServletRegistrationBean - Servlet dispatcherServlet mapped to [/]
2019-09-21 08:36:11.187 [main] INFO  com.alibaba.druid.pool.DruidDataSource - {dataSource-1} inited
2019-09-21 08:36:11.915 [main] INFO  o.s.orm.jpa.LocalContainerEntityManagerFactoryBean - Building JPA container EntityManagerFactory for persistence unit 'default'
2019-09-21 08:36:11.925 [main] INFO  org.hibernate.jpa.internal.util.LogHelper - HHH000204: Processing PersistenceUnitInfo [
	name: default
	...]
2019-09-21 08:36:11.986 [main] INFO  org.hibernate.Version - HHH000412: Hibernate Core {5.2.17.Final}
2019-09-21 08:36:11.988 [main] INFO  org.hibernate.cfg.Environment - HHH000206: hibernate.properties not found
2019-09-21 08:36:12.043 [main] INFO  org.hibernate.annotations.common.Version - HCANN000001: Hibernate Commons Annotations {5.0.1.Final}
2019-09-21 08:36:12.252 [main] INFO  org.hibernate.dialect.Dialect - HHH000400: Using dialect: org.hibernate.dialect.MySQL5Dialect
2019-09-21 08:36:12.921 [main] INFO  o.h.hql.internal.QueryTranslatorFactoryInitiator - HHH000397: Using ASTQueryTranslatorFactory
2019-09-21 08:36:13.049 [main] INFO  o.s.orm.jpa.LocalContainerEntityManagerFactoryBean - Initialized JPA EntityManagerFactory for persistence unit 'default'
2019-09-21 08:36:13.748 [main] INFO  o.s.web.servlet.handler.SimpleUrlHandlerMapping - Mapped URL path [/**/favicon.ico] onto handler of type [class org.springframework.web.servlet.resource.ResourceHttpRequestHandler]
2019-09-21 08:36:14.114 [main] INFO  o.s.w.s.m.m.a.RequestMappingHandlerAdapter - Looking for @ControllerAdvice: org.springframework.boot.web.servlet.context.AnnotationConfigServletWebServerApplicationContext@4efbca5a: startup date [Sat Sep 21 08:36:08 CST 2019]; root of context hierarchy
2019-09-21 08:36:14.225 [main] INFO  o.s.w.s.m.m.a.RequestMappingHandlerMapping - Mapped "{[/drug/com/goodhealth/framework/user/searchDrug]}" onto public org.springframework.web.servlet.ModelAndView com.goodhealth.web.controller.DrugController.search(javax.servlet.http.HttpServletRequest,javax.servlet.http.HttpServletResponse,java.lang.String,org.springframework.ui.Model)
2019-09-21 08:36:14.226 [main] INFO  o.s.w.s.m.m.a.RequestMappingHandlerMapping - Mapped "{[/drug/admin/details]}" onto public java.lang.String com.goodhealth.web.controller.DrugController.details(javax.servlet.http.HttpServletRequest,org.springframework.ui.Model)
2019-09-21 08:36:14.227 [main] INFO  o.s.w.s.m.m.a.RequestMappingHandlerMapping - Mapped "{[/drug/com/goodhealth/framework/user/findAll]}" onto public org.springframework.web.servlet.ModelAndView com.goodhealth.web.controller.DrugController.findAll()
2019-09-21 08:36:14.227 [main] INFO  o.s.w.s.m.m.a.RequestMappingHandlerMapping - Mapped "{[/drug/admin/search]}" onto public org.springframework.web.servlet.ModelAndView com.goodhealth.web.controller.DrugController.searchDrugForManger(javax.servlet.http.HttpServletRequest,javax.servlet.http.HttpServletResponse,java.lang.String)
2019-09-21 08:36:14.227 [main] INFO  o.s.w.s.m.m.a.RequestMappingHandlerMapping - Mapped "{[/drug/admin/delete]}" onto public java.lang.String com.goodhealth.web.controller.DrugController.deleteDrug(int,javax.servlet.http.HttpServletRequest,javax.servlet.http.HttpServletResponse)
2019-09-21 08:36:14.227 [main] INFO  o.s.w.s.m.m.a.RequestMappingHandlerMapping - Mapped "{[/drug/admin/queryAll/{index}]}" onto public org.springframework.web.servlet.ModelAndView com.goodhealth.web.controller.DrugController.queryByPage(int)
2019-09-21 08:36:14.227 [main] INFO  o.s.w.s.m.m.a.RequestMappingHandlerMapping - Mapped "{[/drug/admin/save]}" onto public org.springframework.web.servlet.ModelAndView com.goodhealth.web.controller.DrugController.saveDrug(com.goodhealth.web.entity.Drug,javax.servlet.http.HttpServletRequest,javax.servlet.http.HttpServletResponse)
2019-09-21 08:36:14.228 [main] INFO  o.s.w.s.m.m.a.RequestMappingHandlerMapping - Mapped "{[/drug/admin/edit]}" onto public org.springframework.web.servlet.ModelAndView com.goodhealth.web.controller.DrugController.editDrug(java.lang.Integer)
2019-09-21 08:36:14.229 [main] INFO  o.s.w.s.m.m.a.RequestMappingHandlerMapping - Mapped "{[/drug/admin/intoAddView]}" onto public java.lang.String com.goodhealth.web.controller.DrugController.intoAddView()
2019-09-21 08:36:14.229 [main] INFO  o.s.w.s.m.m.a.RequestMappingHandlerMapping - Mapped "{[/drug/intoShoppingCar]}" onto public java.lang.String com.goodhealth.web.controller.DrugController.intoShoppingCar(javax.servlet.http.HttpServletRequest,javax.servlet.http.HttpServletResponse,org.springframework.ui.Model)
2019-09-21 08:36:14.229 [main] INFO  o.s.w.s.m.m.a.RequestMappingHandlerMapping - Mapped "{[/drug/admin/add]}" onto public org.springframework.web.servlet.ModelAndView com.goodhealth.web.controller.DrugController.addDrug(com.goodhealth.web.entity.Drug,org.springframework.web.multipart.MultipartFile,javax.servlet.http.HttpServletRequest,javax.servlet.http.HttpServletResponse)
2019-09-21 08:36:14.229 [main] INFO  o.s.w.s.m.m.a.RequestMappingHandlerMapping - Mapped "{[/drug/com/goodhealth/framework/user/half]}" onto public org.springframework.web.servlet.ModelAndView com.goodhealth.web.controller.DrugController.findByCondition()
2019-09-21 08:36:14.230 [main] INFO  o.s.w.s.m.m.a.RequestMappingHandlerMapping - Mapped "{[/drug/com/goodhealth/framework/user/findByCondition],methods=[GET]}" onto public org.springframework.web.servlet.ModelAndView com.goodhealth.web.controller.DrugController.findByCondition(java.lang.String)
2019-09-21 08:36:14.230 [main] INFO  o.s.w.s.m.m.a.RequestMappingHandlerMapping - Mapped "{[/drug/com/goodhealth/framework/user/findByFunction],methods=[GET]}" onto public org.springframework.web.servlet.ModelAndView com.goodhealth.web.controller.DrugController.findByFunction(java.lang.String)
2019-09-21 08:36:14.230 [main] INFO  o.s.w.s.m.m.a.RequestMappingHandlerMapping - Mapped "{[/drug/com/goodhealth/framework/user/showDetail]}" onto public java.lang.String com.goodhealth.web.controller.DrugController.showDetail(javax.servlet.http.HttpServletRequest,org.springframework.ui.Model)
2019-09-21 08:36:14.233 [main] INFO  o.s.w.s.m.m.a.RequestMappingHandlerMapping - Mapped "{[/login/logout]}" onto public java.lang.String com.goodhealth.web.controller.LoginController.exit(javax.servlet.http.HttpSession)
2019-09-21 08:36:14.233 [main] INFO  o.s.w.s.m.m.a.RequestMappingHandlerMapping - Mapped "{[/login/register]}" onto public java.lang.String com.goodhealth.web.controller.LoginController.register(javax.servlet.http.HttpServletRequest,javax.servlet.http.HttpServletResponse,org.springframework.ui.Model,com.goodhealth.web.entity.Member)
2019-09-21 08:36:14.233 [main] INFO  o.s.w.s.m.m.a.RequestMappingHandlerMapping - Mapped "{[/login/adminLogin]}" onto public java.lang.String com.goodhealth.web.controller.LoginController.mangerLogin(javax.servlet.http.HttpServletRequest,org.springframework.ui.Model,java.lang.String,java.lang.String)
2019-09-21 08:36:14.234 [main] INFO  o.s.w.s.m.m.a.RequestMappingHandlerMapping - Mapped "{[/login/adminLogout]}" onto public java.lang.String com.goodhealth.web.controller.LoginController.adminExit(javax.servlet.http.HttpSession)
2019-09-21 08:36:14.234 [main] INFO  o.s.w.s.m.m.a.RequestMappingHandlerMapping - Mapped "{[/login/login]}" onto public java.lang.String com.goodhealth.web.controller.LoginController.login(javax.servlet.http.HttpServletRequest,org.springframework.ui.Model,java.lang.String,java.lang.String)
2019-09-21 08:36:14.235 [main] INFO  o.s.w.s.m.m.a.RequestMappingHandlerMapping - Mapped "{[/member/admin/search]}" onto public org.springframework.web.servlet.ModelAndView com.goodhealth.web.controller.MemberController.search(javax.servlet.http.HttpServletRequest,javax.servlet.http.HttpServletResponse,java.lang.String)
2019-09-21 08:36:14.235 [main] INFO  o.s.w.s.m.m.a.RequestMappingHandlerMapping - Mapped "{[/member/admin/intoModifyPasswordView]}" onto public java.lang.String com.goodhealth.web.controller.MemberController.intoModifyPasswordView()
2019-09-21 08:36:14.236 [main] INFO  o.s.w.s.m.m.a.RequestMappingHandlerMapping - Mapped "{[/member/admin/adminModifyPassword]}" onto public org.springframework.web.servlet.ModelAndView com.goodhealth.web.controller.MemberController.adminModifyPassword(javax.servlet.http.HttpServletRequest,java.lang.String,java.lang.String)
2019-09-21 08:36:14.236 [main] INFO  o.s.w.s.m.m.a.RequestMappingHandlerMapping - Mapped "{[/member/admin/showMember/{index}]}" onto public org.springframework.web.servlet.ModelAndView com.goodhealth.web.controller.MemberController.showMember(java.lang.Integer,javax.servlet.http.HttpServletRequest)
2019-09-21 08:36:14.239 [main] INFO  o.s.w.s.m.m.a.RequestMappingHandlerMapping - Mapped "{[/news/admin/search]}" onto public org.springframework.web.servlet.ModelAndView com.goodhealth.web.controller.NewController.search(javax.servlet.http.HttpServletRequest,javax.servlet.http.HttpServletResponse,java.lang.String)
2019-09-21 08:36:14.239 [main] INFO  o.s.w.s.m.m.a.RequestMappingHandlerMapping - Mapped "{[/news/admin/delete]}" onto public java.lang.String com.goodhealth.web.controller.NewController.deleteDrug(java.lang.Integer,javax.servlet.http.HttpServletRequest,javax.servlet.http.HttpServletResponse)
2019-09-21 08:36:14.239 [main] INFO  o.s.w.s.m.m.a.RequestMappingHandlerMapping - Mapped "{[/news/admin/intoAddView]}" onto public java.lang.String com.goodhealth.web.controller.NewController.intoAddView()
2019-09-21 08:36:14.240 [main] INFO  o.s.w.s.m.m.a.RequestMappingHandlerMapping - Mapped "{[/news/com/goodhealth/framework/user/findAll]}" onto public org.springframework.web.servlet.ModelAndView com.goodhealth.web.controller.NewController.findAllDrug()
2019-09-21 08:36:14.241 [main] INFO  o.s.w.s.m.m.a.RequestMappingHandlerMapping - Mapped "{[/news/admin/queryAll/{index}]}" onto public org.springframework.web.servlet.ModelAndView com.goodhealth.web.controller.NewController.findAllDrug(java.lang.Integer)
2019-09-21 08:36:14.241 [main] INFO  o.s.w.s.m.m.a.RequestMappingHandlerMapping - Mapped "{[/news/com/goodhealth/framework/user/activities]}" onto public org.springframework.web.servlet.ModelAndView com.goodhealth.web.controller.NewController.activities()
2019-09-21 08:36:14.242 [main] INFO  o.s.w.s.m.m.a.RequestMappingHandlerMapping - Mapped "{[/news/admin/add]}" onto public org.springframework.web.servlet.ModelAndView com.goodhealth.web.controller.NewController.addNews(com.goodhealth.web.entity.News,org.springframework.validation.BindingResult,javax.servlet.http.HttpServletRequest,javax.servlet.http.HttpServletResponse)
2019-09-21 08:36:14.244 [main] INFO  o.s.w.s.m.m.a.RequestMappingHandlerMapping - Mapped "{[/order/admin/search]}" onto public org.springframework.web.servlet.ModelAndView com.goodhealth.web.controller.OrderController.search(javax.servlet.http.HttpServletRequest,javax.servlet.http.HttpServletResponse,java.lang.String)
2019-09-21 08:36:14.245 [main] INFO  o.s.w.s.m.m.a.RequestMappingHandlerMapping - Mapped "{[/order/generateOrderMany]}" onto public org.springframework.web.servlet.ModelAndView com.goodhealth.web.controller.OrderController.generateOrderMany(javax.servlet.http.HttpServletRequest,javax.servlet.http.HttpServletResponse)
2019-09-21 08:36:14.245 [main] INFO  o.s.w.s.m.m.a.RequestMappingHandlerMapping - Mapped "{[/order/admin/showCompletedOrder/{index}]}" onto public java.lang.String com.goodhealth.web.controller.OrderController.showCompletedOrder(int,javax.servlet.http.HttpServletRequest,javax.servlet.http.HttpServletResponse,org.springframework.ui.Model)
2019-09-21 08:36:14.246 [main] INFO  o.s.w.s.m.m.a.RequestMappingHandlerMapping - Mapped "{[/order/pay]}" onto public java.lang.String com.goodhealth.web.controller.OrderController.pay(javax.servlet.http.HttpServletRequest,javax.servlet.http.HttpServletResponse,org.springframework.ui.Model,java.lang.String)
2019-09-21 08:36:14.246 [main] INFO  o.s.w.s.m.m.a.RequestMappingHandlerMapping - Mapped "{[/order/payOrder/{id}]}" onto public java.lang.String com.goodhealth.web.controller.OrderController.payOrder(org.springframework.ui.Model,java.lang.String)
2019-09-21 08:36:14.247 [main] INFO  o.s.w.s.m.m.a.RequestMappingHandlerMapping - Mapped "{[/order/showOrder]}" onto public java.lang.String com.goodhealth.web.controller.OrderController.showOnesOrder(org.springframework.ui.Model,javax.servlet.http.HttpServletRequest,javax.servlet.http.HttpServletResponse)
2019-09-21 08:36:14.247 [main] INFO  o.s.w.s.m.m.a.RequestMappingHandlerMapping - Mapped "{[/order/admin/showOnesOrder]}" onto public java.lang.String com.goodhealth.web.controller.OrderController.showOnesOrder(org.springframework.ui.Model,java.lang.Integer,javax.servlet.http.HttpServletRequest,javax.servlet.http.HttpServletResponse)
2019-09-21 08:36:14.247 [main] INFO  o.s.w.s.m.m.a.RequestMappingHandlerMapping - Mapped "{[/order/admin/queryAll/{index}]}" onto public org.springframework.web.servlet.ModelAndView com.goodhealth.web.controller.OrderController.queryAll(java.lang.Integer)
2019-09-21 08:36:14.248 [main] INFO  o.s.w.s.m.m.a.RequestMappingHandlerMapping - Mapped "{[/order/unpaid]}" onto public org.springframework.web.servlet.ModelAndView com.goodhealth.web.controller.OrderController.showUnpaidOrder(javax.servlet.http.HttpServletRequest,javax.servlet.http.HttpServletResponse)
2019-09-21 08:36:14.249 [main] INFO  o.s.w.s.m.m.a.RequestMappingHandlerMapping - Mapped "{[/prize/admin/search]}" onto public org.springframework.web.servlet.ModelAndView com.goodhealth.web.controller.PrizeController.search(javax.servlet.http.HttpServletRequest,javax.servlet.http.HttpServletResponse,java.lang.String)
2019-09-21 08:36:14.249 [main] INFO  o.s.w.s.m.m.a.RequestMappingHandlerMapping - Mapped "{[/prize/exchange]}" onto public java.lang.String com.goodhealth.web.controller.PrizeController.exchange(javax.servlet.http.HttpServletRequest,javax.servlet.http.HttpServletResponse,java.lang.Integer,java.lang.String)
2019-09-21 08:36:14.250 [main] INFO  o.s.w.s.m.m.a.RequestMappingHandlerMapping - Mapped "{[/prize/showPrize]}" onto public org.springframework.web.servlet.ModelAndView com.goodhealth.web.controller.PrizeController.showPrize(java.lang.String)
2019-09-21 08:36:14.250 [main] INFO  o.s.w.s.m.m.a.RequestMappingHandlerMapping - Mapped "{[/prize/admin/edit]}" onto public org.springframework.web.servlet.ModelAndView com.goodhealth.web.controller.PrizeController.edit(java.lang.Integer)
2019-09-21 08:36:14.250 [main] INFO  o.s.w.s.m.m.a.RequestMappingHandlerMapping - Mapped "{[/prize/com/goodhealth/framework/user/findAll]}" onto public org.springframework.web.servlet.ModelAndView com.goodhealth.web.controller.PrizeController.showAllPrize()
2019-09-21 08:36:14.251 [main] INFO  o.s.w.s.m.m.a.RequestMappingHandlerMapping - Mapped "{[/prize/admin/delete]}" onto public java.lang.String com.goodhealth.web.controller.PrizeController.deletePrize(java.lang.Integer,javax.servlet.http.HttpServletRequest,javax.servlet.http.HttpServletResponse)
2019-09-21 08:36:14.252 [main] INFO  o.s.w.s.m.m.a.RequestMappingHandlerMapping - Mapped "{[/prize/admin/add]}" onto public org.springframework.web.servlet.ModelAndView com.goodhealth.web.controller.PrizeController.addPrize(org.springframework.web.multipart.MultipartFile,com.goodhealth.web.entity.Prize,javax.servlet.http.HttpServletRequest,javax.servlet.http.HttpServletResponse)
2019-09-21 08:36:14.252 [main] INFO  o.s.w.s.m.m.a.RequestMappingHandlerMapping - Mapped "{[/prize/admin/save]}" onto public org.springframework.web.servlet.ModelAndView com.goodhealth.web.controller.PrizeController.saveDrug(com.goodhealth.web.entity.Prize,javax.servlet.http.HttpServletRequest,javax.servlet.http.HttpServletResponse)
2019-09-21 08:36:14.253 [main] INFO  o.s.w.s.m.m.a.RequestMappingHandlerMapping - Mapped "{[/prize/admin/intoAddView]}" onto public java.lang.String com.goodhealth.web.controller.PrizeController.intoAddView()
2019-09-21 08:36:14.253 [main] INFO  o.s.w.s.m.m.a.RequestMappingHandlerMapping - Mapped "{[/prize/admin/queryAll/{index}]}" onto public org.springframework.web.servlet.ModelAndView com.goodhealth.web.controller.PrizeController.queryAll(java.lang.Integer)
2019-09-21 08:36:14.256 [main] INFO  o.s.w.s.m.m.a.RequestMappingHandlerMapping - Mapped "{[/shoppingcar/countReduce/{id}]}" onto public java.lang.String com.goodhealth.web.controller.ShoppingCarController.countReduce(int,javax.servlet.http.HttpServletRequest,javax.servlet.http.HttpServletResponse)
2019-09-21 08:36:14.256 [main] INFO  o.s.w.s.m.m.a.RequestMappingHandlerMapping - Mapped "{[/shoppingcar/showMyShoppingCar]}" onto public java.lang.String com.goodhealth.web.controller.ShoppingCarController.showMyShoppingCar(javax.servlet.http.HttpServletRequest,javax.servlet.http.HttpServletResponse,org.springframework.ui.Model)
2019-09-21 08:36:14.258 [main] INFO  o.s.w.s.m.m.a.RequestMappingHandlerMapping - Mapped "{[/shoppingcar/countAdd/{id}]}" onto public java.lang.String com.goodhealth.web.controller.ShoppingCarController.countAdd(int,javax.servlet.http.HttpServletRequest,javax.servlet.http.HttpServletResponse)
2019-09-21 08:36:14.258 [main] INFO  o.s.w.s.m.m.a.RequestMappingHandlerMapping - Mapped "{[/shoppingcar/countDelete/{id}]}" onto public java.lang.String com.goodhealth.web.controller.ShoppingCarController.countDelete(int,javax.servlet.http.HttpServletRequest,javax.servlet.http.HttpServletResponse)
2019-09-21 08:36:14.259 [main] INFO  o.s.w.s.m.m.a.RequestMappingHandlerMapping - Mapped "{[/view/register]}" onto public java.lang.String com.goodhealth.web.controller.ViewsController.register()
2019-09-21 08:36:14.260 [main] INFO  o.s.w.s.m.m.a.RequestMappingHandlerMapping - Mapped "{[/view/login],methods=[GET]}" onto public java.util.Map<java.lang.String, java.lang.String> com.goodhealth.web.controller.ViewsController.login()
2019-09-21 08:36:14.260 [main] INFO  o.s.w.s.m.m.a.RequestMappingHandlerMapping - Mapped "{[/view/admin/login]}" onto public java.lang.String com.goodhealth.web.controller.ViewsController.manger()
2019-09-21 08:36:14.263 [main] INFO  o.s.w.s.m.m.a.RequestMappingHandlerMapping - Mapped "{[/error]}" onto public org.springframework.http.ResponseEntity<java.util.Map<java.lang.String, java.lang.Object>> org.springframework.boot.autoconfigure.web.servlet.error.BasicErrorController.error(javax.servlet.http.HttpServletRequest)
2019-09-21 08:36:14.265 [main] INFO  o.s.w.s.m.m.a.RequestMappingHandlerMapping - Mapped "{[/error],produces=[text/html]}" onto public org.springframework.web.servlet.ModelAndView org.springframework.boot.autoconfigure.web.servlet.error.BasicErrorController.errorHtml(javax.servlet.http.HttpServletRequest,javax.servlet.http.HttpServletResponse)
2019-09-21 08:36:14.310 [main] INFO  o.s.web.servlet.handler.SimpleUrlHandlerMapping - Mapped URL path [/webjars/**] onto handler of type [class org.springframework.web.servlet.resource.ResourceHttpRequestHandler]
2019-09-21 08:36:14.310 [main] INFO  o.s.web.servlet.handler.SimpleUrlHandlerMapping - Mapped URL path [/static/**] onto handler of type [class org.springframework.web.servlet.resource.ResourceHttpRequestHandler]
2019-09-21 08:36:14.310 [main] INFO  o.s.web.servlet.handler.SimpleUrlHandlerMapping - Mapped URL path [/static/**.] onto handler of type [class org.springframework.web.servlet.resource.ResourceHttpRequestHandler]
2019-09-21 08:36:14.341 [main] INFO  o.s.w.s.m.m.a.ExceptionHandlerExceptionResolver - Detected @ExceptionHandler methods in webGlobalExceptionHandler
2019-09-21 08:36:15.186 [main] INFO  o.s.jmx.export.annotation.AnnotationMBeanExporter - Registering beans for JMX exposure on startup
2019-09-21 08:36:15.188 [main] INFO  o.s.jmx.export.annotation.AnnotationMBeanExporter - Bean with name 'dataSource' has been autodetected for JMX exposure
2019-09-21 08:36:15.196 [main] INFO  o.s.jmx.export.annotation.AnnotationMBeanExporter - Located MBean 'dataSource': registering with JMX server as MBean [com.alibaba.druid.pool:name=dataSource,type=DruidDataSource]
2019-09-21 08:36:15.205 [main] INFO  o.s.s.a.ScheduledAnnotationBeanPostProcessor - No TaskScheduler/ScheduledExecutorService bean found for scheduled processing
2019-09-21 08:36:15.213 [main] INFO  org.apache.coyote.http11.Http11NioProtocol - Starting ProtocolHandler ["http-nio-8080"]
2019-09-21 08:36:15.225 [main] INFO  org.apache.tomcat.util.net.NioSelectorPool - Using a shared selector for servlet write/read
2019-09-21 08:36:15.253 [main] INFO  o.s.boot.web.embedded.tomcat.TomcatWebServer - Tomcat started on port(s): 8080 (http) with context path ''
2019-09-21 08:36:15.259 [main] INFO  com.goodhealth.App - Started App in 7.752 seconds (JVM running for 8.902)
2019-09-21 08:37:45.812 [http-nio-8080-exec-1] INFO  o.a.c.core.ContainerBase.[Tomcat].[localhost].[/] - Initializing Spring FrameworkServlet 'dispatcherServlet'
2019-09-21 08:37:45.812 [http-nio-8080-exec-1] INFO  org.springframework.web.servlet.DispatcherServlet - FrameworkServlet 'dispatcherServlet': initialization started
2019-09-21 08:37:45.834 [http-nio-8080-exec-1] INFO  org.springframework.web.servlet.DispatcherServlet - FrameworkServlet 'dispatcherServlet': initialization completed in 22 ms
