2019-09-28 10:54:02.118 [main] INFO  com.goodhealth.App - Starting App on DESKTOP-VVTL1UH with PID 14444 (D:\study_space\web\target\classes started by 24663 in D:\study_space)
2019-09-28 10:54:02.124 [main] INFO  com.goodhealth.App - No active profile set, falling back to default profiles: default
2019-09-28 10:54:02.237 [main] INFO  o.s.b.w.s.c.AnnotationConfigServletWebServerApplicationContext - Refreshing org.springframework.boot.web.servlet.context.AnnotationConfigServletWebServerApplicationContext@639c2c1d: startup date [Sat Sep 28 10:54:02 CST 2019]; root of context hierarchy
2019-09-28 10:54:03.735 [main] INFO  o.s.d.r.config.RepositoryConfigurationDelegate - Multiple Spring Data modules found, entering strict repository configuration mode!
2019-09-28 10:54:03.951 [main] INFO  o.s.d.r.config.RepositoryConfigurationDelegate - Multiple Spring Data modules found, entering strict repository configuration mode!
2019-09-28 10:54:04.001 [main] INFO  o.s.d.r.c.RepositoryConfigurationExtensionSupport - Spring Data Redis - Could not safely identify store assignment for repository candidate interface com.goodhealth.web.dao.DrugRepository.
2019-09-28 10:54:04.003 [main] INFO  o.s.d.r.c.RepositoryConfigurationExtensionSupport - Spring Data Redis - Could not safely identify store assignment for repository candidate interface com.goodhealth.web.dao.MemberRepository.
2019-09-28 10:54:04.003 [main] INFO  o.s.d.r.c.RepositoryConfigurationExtensionSupport - Spring Data Redis - Could not safely identify store assignment for repository candidate interface com.goodhealth.web.dao.NewRepository.
2019-09-28 10:54:04.003 [main] INFO  o.s.d.r.c.RepositoryConfigurationExtensionSupport - Spring Data Redis - Could not safely identify store assignment for repository candidate interface com.goodhealth.web.dao.OrderItemRepository.
2019-09-28 10:54:04.004 [main] INFO  o.s.d.r.c.RepositoryConfigurationExtensionSupport - Spring Data Redis - Could not safely identify store assignment for repository candidate interface com.goodhealth.web.dao.OrderRepository.
2019-09-28 10:54:04.004 [main] INFO  o.s.d.r.c.RepositoryConfigurationExtensionSupport - Spring Data Redis - Could not safely identify store assignment for repository candidate interface com.goodhealth.web.dao.PrizeRepository.
2019-09-28 10:54:04.004 [main] INFO  o.s.d.r.c.RepositoryConfigurationExtensionSupport - Spring Data Redis - Could not safely identify store assignment for repository candidate interface com.goodhealth.web.dao.ShoppingCarRepository.
2019-09-28 10:54:04.362 [main] INFO  o.s.b.factory.support.DefaultListableBeanFactory - Overriding bean definition for bean 'xssFilter' with a different definition: replacing [Generic bean: class [com.goodhealth.framework.filter.XssFilter]; scope=singleton; abstract=false; lazyInit=false; autowireMode=0; dependencyCheck=0; autowireCandidate=true; primary=false; factoryBeanName=null; factoryMethodName=null; initMethodName=null; destroyMethodName=null; defined in file [D:\study_space\framework\target\classes\com\goodhealth\framework\filter\XssFilter.class]] with [Root bean: class [org.springframework.boot.web.servlet.FilterRegistrationBean]; scope=; abstract=false; lazyInit=false; autowireMode=0; dependencyCheck=0; autowireCandidate=true; primary=false; factoryBeanName=null; factoryMethodName=null; initMethodName=null; destroyMethodName=null]
2019-09-28 10:54:04.497 [main] INFO  o.s.c.s.PostProcessorRegistrationDelegate$BeanPostProcessorChecker - Bean 'org.springframework.transaction.annotation.ProxyTransactionManagementConfiguration' of type [org.springframework.transaction.annotation.ProxyTransactionManagementConfiguration$$EnhancerBySpringCGLIB$$aa33c2d8] is not eligible for getting processed by all BeanPostProcessors (for example: not eligible for auto-proxying)
2019-09-28 10:54:05.285 [main] INFO  o.s.boot.web.embedded.tomcat.TomcatWebServer - Tomcat initialized with port(s): 8080 (http)
2019-09-28 10:54:05.301 [main] INFO  org.apache.coyote.http11.Http11NioProtocol - Initializing ProtocolHandler ["http-nio-8080"]
2019-09-28 10:54:05.316 [main] INFO  org.apache.catalina.core.StandardService - Starting service [Tomcat]
2019-09-28 10:54:05.316 [main] INFO  org.apache.catalina.core.StandardEngine - Starting Servlet Engine: Apache Tomcat/8.5.32
2019-09-28 10:54:05.321 [localhost-startStop-1] INFO  org.apache.catalina.core.AprLifecycleListener - The APR based Apache Tomcat Native library which allows optimal performance in production environments was not found on the java.library.path: [D:\Java\jdk1.8.0\bin;C:\WINDOWS\Sun\Java\bin;C:\WINDOWS\system32;C:\WINDOWS;E:\xftp\;D:\Java\jdk1.8.0\bin;F:\app\24663\product\11.2.0\dbhome_1\bin;C:\Program Files (x86)\Intel\Intel(R) Management Engine Components\iCLS\;C:\Program Files\Intel\Intel(R) Management Engine Components\iCLS\;C:\Windows\system32;C:\Windows;C:\Windows\System32\Wbem;C:\Windows\System32\WindowsPowerShell\v1.0\;C:\Program Files (x86)\NVIDIA Corporation\PhysX\Common;C:\Program Files (x86)\Intel\Intel(R) Management Engine Components\DAL;C:\Program Files\Intel\Intel(R) Management Engine Components\DAL;C:\Program Files (x86)\Intel\Intel(R) Management Engine Components\IPT;C:\Program Files\Intel\Intel(R) Management Engine Components\IPT;C:\Program Files\Intel\WiFi\bin\;C:\Program Files\Common Files\Intel\WirelessCommon\;C:\WINDOWS\system32;C:\WINDOWS;C:\WINDOWS\System32\Wbem;C:\WINDOWS\System32\WindowsPowerShell\v1.0\;C:\WINDOWS\System32\OpenSSH\;D:\Mysql\mysql-8.0.11-winx64\bin;E:\jar包\Maven\apache-maven-3.6.0\bin;D:\Git\cmd;C:\Users\24663\AppData\Local\Microsoft\WindowsApps;;d:\IntelliJ IDEA 2018.3.5\bin;;.]
2019-09-28 10:54:05.627 [localhost-startStop-1] INFO  org.apache.jasper.servlet.TldScanner - At least one JAR was scanned for TLDs yet contained no TLDs. Enable debug logging for this logger for a complete list of JARs that were scanned but no TLDs were found in them. Skipping unneeded JARs during scanning can improve startup time and JSP compilation time.
2019-09-28 10:54:05.638 [localhost-startStop-1] INFO  o.a.c.core.ContainerBase.[Tomcat].[localhost].[/] - Initializing Spring embedded WebApplicationContext
2019-09-28 10:54:05.640 [localhost-startStop-1] INFO  org.springframework.web.context.ContextLoader - Root WebApplicationContext: initialization completed in 3403 ms
2019-09-28 10:54:05.745 [localhost-startStop-1] INFO  o.s.boot.web.servlet.FilterRegistrationBean - Mapping filter: 'characterEncodingFilter' to: [/*]
2019-09-28 10:54:05.745 [localhost-startStop-1] INFO  o.s.boot.web.servlet.FilterRegistrationBean - Mapping filter: 'hiddenHttpMethodFilter' to: [/*]
2019-09-28 10:54:05.746 [localhost-startStop-1] INFO  o.s.boot.web.servlet.FilterRegistrationBean - Mapping filter: 'httpPutFormContentFilter' to: [/*]
2019-09-28 10:54:05.746 [localhost-startStop-1] INFO  o.s.boot.web.servlet.FilterRegistrationBean - Mapping filter: 'requestContextFilter' to: [/*]
2019-09-28 10:54:05.746 [localhost-startStop-1] INFO  o.s.boot.web.servlet.FilterRegistrationBean - Mapping filter: 'xssFilter' to urls: [/*]
2019-09-28 10:54:05.746 [localhost-startStop-1] INFO  o.s.boot.web.servlet.FilterRegistrationBean - Mapping filter: 'easyFilter' to urls: [/xx/xx]
2019-09-28 10:54:05.746 [localhost-startStop-1] INFO  o.s.boot.web.servlet.ServletRegistrationBean - Servlet dispatcherServlet mapped to [/]
2019-09-28 10:54:06.390 [main] INFO  com.alibaba.druid.pool.DruidDataSource - {dataSource-1} inited
2019-09-28 10:54:07.187 [main] INFO  o.s.orm.jpa.LocalContainerEntityManagerFactoryBean - Building JPA container EntityManagerFactory for persistence unit 'default'
2019-09-28 10:54:07.248 [main] INFO  org.hibernate.jpa.internal.util.LogHelper - HHH000204: Processing PersistenceUnitInfo [
	name: default
	...]
2019-09-28 10:54:07.521 [main] INFO  org.hibernate.Version - HHH000412: Hibernate Core {5.2.17.Final}
2019-09-28 10:54:07.524 [main] INFO  org.hibernate.cfg.Environment - HHH000206: hibernate.properties not found
2019-09-28 10:54:07.663 [main] INFO  org.hibernate.annotations.common.Version - HCANN000001: Hibernate Commons Annotations {5.0.1.Final}
2019-09-28 10:54:08.269 [main] INFO  org.hibernate.dialect.Dialect - HHH000400: Using dialect: org.hibernate.dialect.MySQL5Dialect
2019-09-28 10:54:09.340 [main] INFO  o.h.hql.internal.QueryTranslatorFactoryInitiator - HHH000397: Using ASTQueryTranslatorFactory
2019-09-28 10:54:09.484 [main] INFO  o.s.orm.jpa.LocalContainerEntityManagerFactoryBean - Initialized JPA EntityManagerFactory for persistence unit 'default'
2019-09-28 10:54:10.833 [main] INFO  o.s.web.servlet.handler.SimpleUrlHandlerMapping - Mapped URL path [/**/favicon.ico] onto handler of type [class org.springframework.web.servlet.resource.ResourceHttpRequestHandler]
2019-09-28 10:54:11.181 [main] INFO  o.s.w.s.m.m.a.RequestMappingHandlerAdapter - Looking for @ControllerAdvice: org.springframework.boot.web.servlet.context.AnnotationConfigServletWebServerApplicationContext@639c2c1d: startup date [Sat Sep 28 10:54:02 CST 2019]; root of context hierarchy
2019-09-28 10:54:11.283 [main] INFO  o.s.w.s.m.m.a.RequestMappingHandlerMapping - Mapped "{[/drug/com/goodhealth/framework/entity/user/searchDrug]}" onto public org.springframework.web.servlet.ModelAndView com.goodhealth.web.controller.DrugController.search(javax.servlet.http.HttpServletRequest,javax.servlet.http.HttpServletResponse,java.lang.String,org.springframework.ui.Model)
2019-09-28 10:54:11.284 [main] INFO  o.s.w.s.m.m.a.RequestMappingHandlerMapping - Mapped "{[/drug/admin/details]}" onto public java.lang.String com.goodhealth.web.controller.DrugController.details(javax.servlet.http.HttpServletRequest,org.springframework.ui.Model)
2019-09-28 10:54:11.285 [main] INFO  o.s.w.s.m.m.a.RequestMappingHandlerMapping - Mapped "{[/drug/com/goodhealth/framework/entity/user/findAll]}" onto public org.springframework.web.servlet.ModelAndView com.goodhealth.web.controller.DrugController.findAll()
2019-09-28 10:54:11.285 [main] INFO  o.s.w.s.m.m.a.RequestMappingHandlerMapping - Mapped "{[/drug/admin/search]}" onto public org.springframework.web.servlet.ModelAndView com.goodhealth.web.controller.DrugController.searchDrugForManger(javax.servlet.http.HttpServletRequest,javax.servlet.http.HttpServletResponse,java.lang.String)
2019-09-28 10:54:11.285 [main] INFO  o.s.w.s.m.m.a.RequestMappingHandlerMapping - Mapped "{[/drug/admin/queryAll/{index}]}" onto public org.springframework.web.servlet.ModelAndView com.goodhealth.web.controller.DrugController.queryByPage(int)
2019-09-28 10:54:11.285 [main] INFO  o.s.w.s.m.m.a.RequestMappingHandlerMapping - Mapped "{[/drug/com/goodhealth/framework/entity/user/findByCondition],methods=[GET]}" onto public org.springframework.web.servlet.ModelAndView com.goodhealth.web.controller.DrugController.findByCondition(java.lang.String)
2019-09-28 10:54:11.285 [main] INFO  o.s.w.s.m.m.a.RequestMappingHandlerMapping - Mapped "{[/drug/com/goodhealth/framework/entity/user/half]}" onto public org.springframework.web.servlet.ModelAndView com.goodhealth.web.controller.DrugController.findByCondition()
2019-09-28 10:54:11.286 [main] INFO  o.s.w.s.m.m.a.RequestMappingHandlerMapping - Mapped "{[/drug/com/goodhealth/framework/entity/user/findByFunction],methods=[GET]}" onto public org.springframework.web.servlet.ModelAndView com.goodhealth.web.controller.DrugController.findByFunction(java.lang.String)
2019-09-28 10:54:11.286 [main] INFO  o.s.w.s.m.m.a.RequestMappingHandlerMapping - Mapped "{[/drug/com/goodhealth/framework/entity/user/showDetail]}" onto public java.lang.String com.goodhealth.web.controller.DrugController.showDetail(javax.servlet.http.HttpServletRequest,org.springframework.ui.Model)
2019-09-28 10:54:11.286 [main] INFO  o.s.w.s.m.m.a.RequestMappingHandlerMapping - Mapped "{[/drug/intoShoppingCar]}" onto public java.lang.String com.goodhealth.web.controller.DrugController.intoShoppingCar(javax.servlet.http.HttpServletRequest,javax.servlet.http.HttpServletResponse,org.springframework.ui.Model)
2019-09-28 10:54:11.286 [main] INFO  o.s.w.s.m.m.a.RequestMappingHandlerMapping - Mapped "{[/drug/admin/save]}" onto public org.springframework.web.servlet.ModelAndView com.goodhealth.web.controller.DrugController.saveDrug(com.goodhealth.web.entity.Drug,javax.servlet.http.HttpServletRequest,javax.servlet.http.HttpServletResponse)
2019-09-28 10:54:11.287 [main] INFO  o.s.w.s.m.m.a.RequestMappingHandlerMapping - Mapped "{[/drug/admin/delete]}" onto public java.lang.String com.goodhealth.web.controller.DrugController.deleteDrug(int,javax.servlet.http.HttpServletRequest,javax.servlet.http.HttpServletResponse)
2019-09-28 10:54:11.287 [main] INFO  o.s.w.s.m.m.a.RequestMappingHandlerMapping - Mapped "{[/drug/admin/intoAddView]}" onto public java.lang.String com.goodhealth.web.controller.DrugController.intoAddView()
2019-09-28 10:54:11.287 [main] INFO  o.s.w.s.m.m.a.RequestMappingHandlerMapping - Mapped "{[/drug/admin/add]}" onto public org.springframework.web.servlet.ModelAndView com.goodhealth.web.controller.DrugController.addDrug(com.goodhealth.web.entity.Drug,org.springframework.web.multipart.MultipartFile,javax.servlet.http.HttpServletRequest,javax.servlet.http.HttpServletResponse)
2019-09-28 10:54:11.289 [main] INFO  o.s.w.s.m.m.a.RequestMappingHandlerMapping - Mapped "{[/drug/admin/edit]}" onto public org.springframework.web.servlet.ModelAndView com.goodhealth.web.controller.DrugController.editDrug(java.lang.Integer)
2019-09-28 10:54:11.291 [main] INFO  o.s.w.s.m.m.a.RequestMappingHandlerMapping - Mapped "{[/login/logout]}" onto public java.lang.String com.goodhealth.web.controller.LoginController.exit(javax.servlet.http.HttpSession)
2019-09-28 10:54:11.291 [main] INFO  o.s.w.s.m.m.a.RequestMappingHandlerMapping - Mapped "{[/login/register]}" onto public java.lang.String com.goodhealth.web.controller.LoginController.register(javax.servlet.http.HttpServletRequest,javax.servlet.http.HttpServletResponse,org.springframework.ui.Model,com.goodhealth.web.entity.Member)
2019-09-28 10:54:11.291 [main] INFO  o.s.w.s.m.m.a.RequestMappingHandlerMapping - Mapped "{[/login/adminLogin]}" onto public java.lang.String com.goodhealth.web.controller.LoginController.mangerLogin(javax.servlet.http.HttpServletRequest,org.springframework.ui.Model,java.lang.String,java.lang.String)
2019-09-28 10:54:11.292 [main] INFO  o.s.w.s.m.m.a.RequestMappingHandlerMapping - Mapped "{[/login/adminLogout]}" onto public java.lang.String com.goodhealth.web.controller.LoginController.adminExit(javax.servlet.http.HttpSession)
2019-09-28 10:54:11.292 [main] INFO  o.s.w.s.m.m.a.RequestMappingHandlerMapping - Mapped "{[/login/login]}" onto public java.lang.String com.goodhealth.web.controller.LoginController.login(javax.servlet.http.HttpServletRequest,org.springframework.ui.Model,java.lang.String,java.lang.String)
2019-09-28 10:54:11.293 [main] INFO  o.s.w.s.m.m.a.RequestMappingHandlerMapping - Mapped "{[/member/admin/search]}" onto public org.springframework.web.servlet.ModelAndView com.goodhealth.web.controller.MemberController.search(javax.servlet.http.HttpServletRequest,javax.servlet.http.HttpServletResponse,java.lang.String)
2019-09-28 10:54:11.293 [main] INFO  o.s.w.s.m.m.a.RequestMappingHandlerMapping - Mapped "{[/member/admin/intoModifyPasswordView]}" onto public java.lang.String com.goodhealth.web.controller.MemberController.intoModifyPasswordView()
2019-09-28 10:54:11.293 [main] INFO  o.s.w.s.m.m.a.RequestMappingHandlerMapping - Mapped "{[/member/admin/adminModifyPassword]}" onto public org.springframework.web.servlet.ModelAndView com.goodhealth.web.controller.MemberController.adminModifyPassword(javax.servlet.http.HttpServletRequest,java.lang.String,java.lang.String)
2019-09-28 10:54:11.294 [main] INFO  o.s.w.s.m.m.a.RequestMappingHandlerMapping - Mapped "{[/member/admin/showMember/{index}]}" onto public org.springframework.web.servlet.ModelAndView com.goodhealth.web.controller.MemberController.showMember(java.lang.Integer,javax.servlet.http.HttpServletRequest)
2019-09-28 10:54:11.295 [main] INFO  o.s.w.s.m.m.a.RequestMappingHandlerMapping - Mapped "{[/news/admin/search]}" onto public org.springframework.web.servlet.ModelAndView com.goodhealth.web.controller.NewController.search(javax.servlet.http.HttpServletRequest,javax.servlet.http.HttpServletResponse,java.lang.String)
2019-09-28 10:54:11.295 [main] INFO  o.s.w.s.m.m.a.RequestMappingHandlerMapping - Mapped "{[/news/admin/delete]}" onto public java.lang.String com.goodhealth.web.controller.NewController.deleteDrug(java.lang.Integer,javax.servlet.http.HttpServletRequest,javax.servlet.http.HttpServletResponse)
2019-09-28 10:54:11.295 [main] INFO  o.s.w.s.m.m.a.RequestMappingHandlerMapping - Mapped "{[/news/admin/intoAddView]}" onto public java.lang.String com.goodhealth.web.controller.NewController.intoAddView()
2019-09-28 10:54:11.295 [main] INFO  o.s.w.s.m.m.a.RequestMappingHandlerMapping - Mapped "{[/news/admin/queryAll/{index}]}" onto public org.springframework.web.servlet.ModelAndView com.goodhealth.web.controller.NewController.findAllDrug(java.lang.Integer)
2019-09-28 10:54:11.296 [main] INFO  o.s.w.s.m.m.a.RequestMappingHandlerMapping - Mapped "{[/news/com/goodhealth/framework/entity/user/findAll]}" onto public org.springframework.web.servlet.ModelAndView com.goodhealth.web.controller.NewController.findAllDrug()
2019-09-28 10:54:11.296 [main] INFO  o.s.w.s.m.m.a.RequestMappingHandlerMapping - Mapped "{[/news/com/goodhealth/framework/entity/user/activities]}" onto public org.springframework.web.servlet.ModelAndView com.goodhealth.web.controller.NewController.activities()
2019-09-28 10:54:11.296 [main] INFO  o.s.w.s.m.m.a.RequestMappingHandlerMapping - Mapped "{[/news/admin/add]}" onto public org.springframework.web.servlet.ModelAndView com.goodhealth.web.controller.NewController.addNews(com.goodhealth.web.entity.News,org.springframework.validation.BindingResult,javax.servlet.http.HttpServletRequest,javax.servlet.http.HttpServletResponse)
2019-09-28 10:54:11.297 [main] INFO  o.s.w.s.m.m.a.RequestMappingHandlerMapping - Mapped "{[/order/admin/search]}" onto public org.springframework.web.servlet.ModelAndView com.goodhealth.web.controller.OrderController.search(javax.servlet.http.HttpServletRequest,javax.servlet.http.HttpServletResponse,java.lang.String)
2019-09-28 10:54:11.298 [main] INFO  o.s.w.s.m.m.a.RequestMappingHandlerMapping - Mapped "{[/order/admin/showCompletedOrder/{index}]}" onto public java.lang.String com.goodhealth.web.controller.OrderController.showCompletedOrder(int,javax.servlet.http.HttpServletRequest,javax.servlet.http.HttpServletResponse,org.springframework.ui.Model)
2019-09-28 10:54:11.298 [main] INFO  o.s.w.s.m.m.a.RequestMappingHandlerMapping - Mapped "{[/order/generateOrderMany]}" onto public org.springframework.web.servlet.ModelAndView com.goodhealth.web.controller.OrderController.generateOrderMany(javax.servlet.http.HttpServletRequest,javax.servlet.http.HttpServletResponse)
2019-09-28 10:54:11.298 [main] INFO  o.s.w.s.m.m.a.RequestMappingHandlerMapping - Mapped "{[/order/admin/queryAll/{index}]}" onto public org.springframework.web.servlet.ModelAndView com.goodhealth.web.controller.OrderController.queryAll(java.lang.Integer)
2019-09-28 10:54:11.298 [main] INFO  o.s.w.s.m.m.a.RequestMappingHandlerMapping - Mapped "{[/order/pay]}" onto public java.lang.String com.goodhealth.web.controller.OrderController.pay(javax.servlet.http.HttpServletRequest,javax.servlet.http.HttpServletResponse,org.springframework.ui.Model,java.lang.String)
2019-09-28 10:54:11.298 [main] INFO  o.s.w.s.m.m.a.RequestMappingHandlerMapping - Mapped "{[/order/admin/showOnesOrder]}" onto public java.lang.String com.goodhealth.web.controller.OrderController.showOnesOrder(org.springframework.ui.Model,java.lang.Integer,javax.servlet.http.HttpServletRequest,javax.servlet.http.HttpServletResponse)
2019-09-28 10:54:11.298 [main] INFO  o.s.w.s.m.m.a.RequestMappingHandlerMapping - Mapped "{[/order/showOrder]}" onto public java.lang.String com.goodhealth.web.controller.OrderController.showOnesOrder(org.springframework.ui.Model,javax.servlet.http.HttpServletRequest,javax.servlet.http.HttpServletResponse)
2019-09-28 10:54:11.299 [main] INFO  o.s.w.s.m.m.a.RequestMappingHandlerMapping - Mapped "{[/order/unpaid]}" onto public org.springframework.web.servlet.ModelAndView com.goodhealth.web.controller.OrderController.showUnpaidOrder(javax.servlet.http.HttpServletRequest,javax.servlet.http.HttpServletResponse)
2019-09-28 10:54:11.299 [main] INFO  o.s.w.s.m.m.a.RequestMappingHandlerMapping - Mapped "{[/order/payOrder/{id}]}" onto public java.lang.String com.goodhealth.web.controller.OrderController.payOrder(org.springframework.ui.Model,java.lang.String)
2019-09-28 10:54:11.300 [main] INFO  o.s.w.s.m.m.a.RequestMappingHandlerMapping - Mapped "{[/prize/admin/search]}" onto public org.springframework.web.servlet.ModelAndView com.goodhealth.web.controller.PrizeController.search(javax.servlet.http.HttpServletRequest,javax.servlet.http.HttpServletResponse,java.lang.String)
2019-09-28 10:54:11.300 [main] INFO  o.s.w.s.m.m.a.RequestMappingHandlerMapping - Mapped "{[/prize/exchange]}" onto public java.lang.String com.goodhealth.web.controller.PrizeController.exchange(javax.servlet.http.HttpServletRequest,javax.servlet.http.HttpServletResponse,java.lang.Integer,java.lang.String)
2019-09-28 10:54:11.301 [main] INFO  o.s.w.s.m.m.a.RequestMappingHandlerMapping - Mapped "{[/prize/admin/save]}" onto public org.springframework.web.servlet.ModelAndView com.goodhealth.web.controller.PrizeController.saveDrug(com.goodhealth.web.entity.Prize,javax.servlet.http.HttpServletRequest,javax.servlet.http.HttpServletResponse)
2019-09-28 10:54:11.301 [main] INFO  o.s.w.s.m.m.a.RequestMappingHandlerMapping - Mapped "{[/prize/admin/intoAddView]}" onto public java.lang.String com.goodhealth.web.controller.PrizeController.intoAddView()
2019-09-28 10:54:11.301 [main] INFO  o.s.w.s.m.m.a.RequestMappingHandlerMapping - Mapped "{[/prize/admin/queryAll/{index}]}" onto public org.springframework.web.servlet.ModelAndView com.goodhealth.web.controller.PrizeController.queryAll(java.lang.Integer)
2019-09-28 10:54:11.301 [main] INFO  o.s.w.s.m.m.a.RequestMappingHandlerMapping - Mapped "{[/prize/admin/delete]}" onto public java.lang.String com.goodhealth.web.controller.PrizeController.deletePrize(java.lang.Integer,javax.servlet.http.HttpServletRequest,javax.servlet.http.HttpServletResponse)
2019-09-28 10:54:11.301 [main] INFO  o.s.w.s.m.m.a.RequestMappingHandlerMapping - Mapped "{[/prize/com/goodhealth/framework/entity/user/findAll]}" onto public org.springframework.web.servlet.ModelAndView com.goodhealth.web.controller.PrizeController.showAllPrize()
2019-09-28 10:54:11.302 [main] INFO  o.s.w.s.m.m.a.RequestMappingHandlerMapping - Mapped "{[/prize/showPrize]}" onto public org.springframework.web.servlet.ModelAndView com.goodhealth.web.controller.PrizeController.showPrize(java.lang.String)
2019-09-28 10:54:11.302 [main] INFO  o.s.w.s.m.m.a.RequestMappingHandlerMapping - Mapped "{[/prize/admin/add]}" onto public org.springframework.web.servlet.ModelAndView com.goodhealth.web.controller.PrizeController.addPrize(org.springframework.web.multipart.MultipartFile,com.goodhealth.web.entity.Prize,javax.servlet.http.HttpServletRequest,javax.servlet.http.HttpServletResponse)
2019-09-28 10:54:11.302 [main] INFO  o.s.w.s.m.m.a.RequestMappingHandlerMapping - Mapped "{[/prize/admin/edit]}" onto public org.springframework.web.servlet.ModelAndView com.goodhealth.web.controller.PrizeController.edit(java.lang.Integer)
2019-09-28 10:54:11.303 [main] INFO  o.s.w.s.m.m.a.RequestMappingHandlerMapping - Mapped "{[/shoppingcar/showMyShoppingCar]}" onto public java.lang.String com.goodhealth.web.controller.ShoppingCarController.showMyShoppingCar(javax.servlet.http.HttpServletRequest,javax.servlet.http.HttpServletResponse,org.springframework.ui.Model)
2019-09-28 10:54:11.303 [main] INFO  o.s.w.s.m.m.a.RequestMappingHandlerMapping - Mapped "{[/shoppingcar/countReduce/{id}]}" onto public java.lang.String com.goodhealth.web.controller.ShoppingCarController.countReduce(int,javax.servlet.http.HttpServletRequest,javax.servlet.http.HttpServletResponse)
2019-09-28 10:54:11.303 [main] INFO  o.s.w.s.m.m.a.RequestMappingHandlerMapping - Mapped "{[/shoppingcar/countDelete/{id}]}" onto public java.lang.String com.goodhealth.web.controller.ShoppingCarController.countDelete(int,javax.servlet.http.HttpServletRequest,javax.servlet.http.HttpServletResponse)
2019-09-28 10:54:11.304 [main] INFO  o.s.w.s.m.m.a.RequestMappingHandlerMapping - Mapped "{[/shoppingcar/countAdd/{id}]}" onto public java.lang.String com.goodhealth.web.controller.ShoppingCarController.countAdd(int,javax.servlet.http.HttpServletRequest,javax.servlet.http.HttpServletResponse)
2019-09-28 10:54:11.304 [main] INFO  o.s.w.s.m.m.a.RequestMappingHandlerMapping - Mapped "{[/view/register]}" onto public java.lang.String com.goodhealth.web.controller.ViewsController.register()
2019-09-28 10:54:11.305 [main] INFO  o.s.w.s.m.m.a.RequestMappingHandlerMapping - Mapped "{[/view/login],methods=[GET]}" onto public java.util.Map<java.lang.String, java.lang.String> com.goodhealth.web.controller.ViewsController.login()
2019-09-28 10:54:11.305 [main] INFO  o.s.w.s.m.m.a.RequestMappingHandlerMapping - Mapped "{[/view/admin/login]}" onto public java.lang.String com.goodhealth.web.controller.ViewsController.manger()
2019-09-28 10:54:11.307 [main] INFO  o.s.w.s.m.m.a.RequestMappingHandlerMapping - Mapped "{[/error]}" onto public org.springframework.http.ResponseEntity<java.util.Map<java.lang.String, java.lang.Object>> org.springframework.boot.autoconfigure.web.servlet.error.BasicErrorController.error(javax.servlet.http.HttpServletRequest)
2019-09-28 10:54:11.308 [main] INFO  o.s.w.s.m.m.a.RequestMappingHandlerMapping - Mapped "{[/error],produces=[text/html]}" onto public org.springframework.web.servlet.ModelAndView org.springframework.boot.autoconfigure.web.servlet.error.BasicErrorController.errorHtml(javax.servlet.http.HttpServletRequest,javax.servlet.http.HttpServletResponse)
2019-09-28 10:54:11.345 [main] INFO  o.s.web.servlet.handler.SimpleUrlHandlerMapping - Mapped URL path [/webjars/**] onto handler of type [class org.springframework.web.servlet.resource.ResourceHttpRequestHandler]
2019-09-28 10:54:11.345 [main] INFO  o.s.web.servlet.handler.SimpleUrlHandlerMapping - Mapped URL path [/static/**] onto handler of type [class org.springframework.web.servlet.resource.ResourceHttpRequestHandler]
2019-09-28 10:54:11.345 [main] INFO  o.s.web.servlet.handler.SimpleUrlHandlerMapping - Mapped URL path [/static/**.] onto handler of type [class org.springframework.web.servlet.resource.ResourceHttpRequestHandler]
2019-09-28 10:54:11.363 [main] INFO  o.s.w.s.m.m.a.ExceptionHandlerExceptionResolver - Detected @ExceptionHandler methods in webGlobalExceptionHandler
2019-09-28 10:54:12.413 [main] INFO  o.s.jmx.export.annotation.AnnotationMBeanExporter - Registering beans for JMX exposure on startup
2019-09-28 10:54:12.414 [main] INFO  o.s.jmx.export.annotation.AnnotationMBeanExporter - Bean with name 'dataSource' has been autodetected for JMX exposure
2019-09-28 10:54:12.419 [main] INFO  o.s.jmx.export.annotation.AnnotationMBeanExporter - Located MBean 'dataSource': registering with JMX server as MBean [com.alibaba.druid.pool:name=dataSource,type=DruidDataSource]
2019-09-28 10:54:12.428 [main] INFO  o.s.s.a.ScheduledAnnotationBeanPostProcessor - No TaskScheduler/ScheduledExecutorService bean found for scheduled processing
2019-09-28 10:54:12.434 [main] INFO  org.apache.coyote.http11.Http11NioProtocol - Starting ProtocolHandler ["http-nio-8080"]
2019-09-28 10:54:12.442 [main] INFO  org.apache.tomcat.util.net.NioSelectorPool - Using a shared selector for servlet write/read
2019-09-28 10:54:12.507 [main] INFO  o.s.boot.web.embedded.tomcat.TomcatWebServer - Tomcat started on port(s): 8080 (http) with context path ''
2019-09-28 10:54:12.510 [main] INFO  com.goodhealth.App - Started App in 11.4 seconds (JVM running for 13.522)
